03-Sep-2021 12:35:50.733 AVERTISSEMENT [main] org.apache.catalina.startup.SetAllPropertiesRule.begin [SetAllPropertiesRule]{Server/Service/Connector} Setting property 'resolveHosts' to 'true' did not find a matching property.
03-Sep-2021 12:35:50.820 INFOS [main] org.apache.catalina.startup.VersionLoggerListener.log Server version:        Apache Tomcat/9.0.13
03-Sep-2021 12:35:50.820 INFOS [main] org.apache.catalina.startup.VersionLoggerListener.log Server built:          Nov 2 2018 14:27:55 UTC
03-Sep-2021 12:35:50.821 INFOS [main] org.apache.catalina.startup.VersionLoggerListener.log Server number:         9.0.13.0
03-Sep-2021 12:35:50.821 INFOS [main] org.apache.catalina.startup.VersionLoggerListener.log OS Name:               Windows 10
03-Sep-2021 12:35:50.821 INFOS [main] org.apache.catalina.startup.VersionLoggerListener.log OS Version:            10.0
03-Sep-2021 12:35:50.821 INFOS [main] org.apache.catalina.startup.VersionLoggerListener.log Architecture:          amd64
03-Sep-2021 12:35:50.822 INFOS [main] org.apache.catalina.startup.VersionLoggerListener.log Java Home:             C:\Program Files\Java\jdk1.8.0_221\jre
03-Sep-2021 12:35:50.822 INFOS [main] org.apache.catalina.startup.VersionLoggerListener.log JVM Version:           1.8.0_221-b11
03-Sep-2021 12:35:50.822 INFOS [main] org.apache.catalina.startup.VersionLoggerListener.log JVM Vendor:            Oracle Corporation
03-Sep-2021 12:35:50.822 INFOS [main] org.apache.catalina.startup.VersionLoggerListener.log CATALINA_BASE:         C:\Users\ghass\OneDrive\Bureau\OneRelease\openxava-6.2.1\tomcat
03-Sep-2021 12:35:50.823 INFOS [main] org.apache.catalina.startup.VersionLoggerListener.log CATALINA_HOME:         C:\Users\ghass\OneDrive\Bureau\OneRelease\openxava-6.2.1\tomcat
03-Sep-2021 12:35:50.823 INFOS [main] org.apache.catalina.startup.VersionLoggerListener.log Command line argument: -Djava.util.logging.config.file=C:\Users\ghass\OneDrive\Bureau\OneRelease\openxava-6.2.1\tomcat\conf\logging.properties
03-Sep-2021 12:35:50.823 INFOS [main] org.apache.catalina.startup.VersionLoggerListener.log Command line argument: -Djava.util.logging.manager=org.apache.juli.ClassLoaderLogManager
03-Sep-2021 12:35:50.823 INFOS [main] org.apache.catalina.startup.VersionLoggerListener.log Command line argument: -Djdk.tls.ephemeralDHKeySize=2048
03-Sep-2021 12:35:50.824 INFOS [main] org.apache.catalina.startup.VersionLoggerListener.log Command line argument: -Djava.protocol.handler.pkgs=org.apache.catalina.webresources
03-Sep-2021 12:35:50.825 INFOS [main] org.apache.catalina.startup.VersionLoggerListener.log Command line argument: -agentlib:jdwp=transport=dt_socket,address=localhost:8000,server=y,suspend=n
03-Sep-2021 12:35:50.825 INFOS [main] org.apache.catalina.startup.VersionLoggerListener.log Command line argument: -Dignore.endorsed.dirs=
03-Sep-2021 12:35:50.826 INFOS [main] org.apache.catalina.startup.VersionLoggerListener.log Command line argument: -Dcatalina.base=C:\Users\ghass\OneDrive\Bureau\OneRelease\openxava-6.2.1\tomcat
03-Sep-2021 12:35:50.826 INFOS [main] org.apache.catalina.startup.VersionLoggerListener.log Command line argument: -Dcatalina.home=C:\Users\ghass\OneDrive\Bureau\OneRelease\openxava-6.2.1\tomcat
03-Sep-2021 12:35:50.827 INFOS [main] org.apache.catalina.startup.VersionLoggerListener.log Command line argument: -Djava.io.tmpdir=C:\Users\ghass\OneDrive\Bureau\OneRelease\openxava-6.2.1\tomcat\temp
03-Sep-2021 12:35:50.828 INFOS [main] org.apache.catalina.core.AprLifecycleListener.lifecycleEvent The APR based Apache Tomcat Native library which allows optimal performance in production environments was not found on the java.library.path: [C:\Program Files\Java\jdk1.8.0_221\bin;C:\WINDOWS\Sun\Java\bin;C:\WINDOWS\system32;C:\WINDOWS;C:\oraclexe\app\oracle\product\11.2.0\server\bin;;C:\Python39\Scripts\;C:\Python39\;C:\oraclexe\app\oracle\product\11.2.0\server\bin;C:\WINDOWS\system32;C:\WINDOWS;C:\WINDOWS\System32\Wbem;C:\WINDOWS\System32\WindowsPowerShell\v1.0\;C:\WINDOWS\System32\OpenSSH\;C:\Program Files\Git\cmd;C:\oraclexe\app\oracle\product\11.2.0\server\rdbms\admin;C:\Program Files\nodejs\;C:\ProgramData\chocolatey\bin;C:\Users\ghass\AppData\Local\Microsoft\WindowsApps;C:\Program Files\Java\jdk1.8.0_221\bin;C:\Program Files\apache-maven-3.6.2\bin;C:\cygwin64\bin;C:\Users\ghass\OneDrive\Bureau\OneRelease\openxava-6.2.1\tomcat\bin;C:\Users\ghass\OneDrive\Bureau\ghassene\eclipse-jee-oxygen-R-win_64(complete)\eclipse-jee-oxygen-R-win32-x86_64\eclipse\plugins\org.apache.ant_1.10.1.v20170504-0840\bin;C:\Program Files\JetBrains\IntelliJ IDEA 2020.3.2\bin;C:\Users\ghass\AppData\Local\Programs\IPFS Desktop\resources\app.asar.unpacked\src\ipfs-on-path\scripts\bin-win;C:\Users\ghass\AppData\Roaming\npm;C:\Users\ghass\OneDrive\Bureau\IF4\sem2\PFA\IPFS;C:\Python27;;.]
03-Sep-2021 12:35:51.065 INFOS [main] org.apache.coyote.AbstractProtocol.init Initializing ProtocolHandler ["http-nio-8080"]
03-Sep-2021 12:35:51.427 INFOS [main] org.apache.tomcat.util.net.NioSelectorPool.getSharedSelector Using a shared selector for servlet write/read
03-Sep-2021 12:35:51.449 INFOS [main] org.apache.coyote.AbstractProtocol.init Initializing ProtocolHandler ["ajp-nio-8009"]
03-Sep-2021 12:35:51.453 INFOS [main] org.apache.tomcat.util.net.NioSelectorPool.getSharedSelector Using a shared selector for servlet write/read
03-Sep-2021 12:35:51.454 INFOS [main] org.apache.catalina.startup.Catalina.load Initialization processed in 1405 ms
03-Sep-2021 12:35:51.512 INFOS [main] org.apache.catalina.core.StandardService.startInternal Démarrage du service [Catalina]
03-Sep-2021 12:35:51.513 INFOS [main] org.apache.catalina.core.StandardEngine.startInternal Starting Servlet Engine: Apache Tomcat/9.0.13
03-Sep-2021 12:35:51.529 INFOS [main] org.apache.catalina.startup.HostConfig.deployDirectory Déploiement du répertoire [C:\Users\ghass\OneDrive\Bureau\OneRelease\openxava-6.2.1\tomcat\webapps\OneRelease] de l'application web
03-Sep-2021 12:35:58.635 AVERTISSEMENT [main] org.apache.tomcat.dbcp.dbcp2.BasicDataSourceFactory.getObjectInstance Name = JerseyDS Property maxActive is not used in DBCP2, use maxTotal instead. maxTotal default value is 8. You have set value of "20" for "maxActive" property, which is being ignored.
03-Sep-2021 12:35:58.635 AVERTISSEMENT [main] org.apache.tomcat.dbcp.dbcp2.BasicDataSourceFactory.getObjectInstance Name = JerseyDS Property maxWait is not used in DBCP2 , use maxWaitMillis instead. maxWaitMillis default value is -1. You have set value of "10000" for "maxWait" property, which is being ignored.
03-Sep-2021 12:35:58.666 AVERTISSEMENT [main] org.apache.tomcat.dbcp.dbcp2.BasicDataSourceFactory.getObjectInstance Name = OpenXavaTestDS Property maxActive is not used in DBCP2, use maxTotal instead. maxTotal default value is 8. You have set value of "20" for "maxActive" property, which is being ignored.
03-Sep-2021 12:35:58.666 AVERTISSEMENT [main] org.apache.tomcat.dbcp.dbcp2.BasicDataSourceFactory.getObjectInstance Name = OpenXavaTestDS Property maxWait is not used in DBCP2 , use maxWaitMillis instead. maxWaitMillis default value is -1. You have set value of "10000" for "maxWait" property, which is being ignored.
03-Sep-2021 12:35:58.666 AVERTISSEMENT [main] org.apache.tomcat.dbcp.dbcp2.BasicDataSourceFactory.getObjectInstance Name = MySchoolDS Property maxActive is not used in DBCP2, use maxTotal instead. maxTotal default value is 8. You have set value of "20" for "maxActive" property, which is being ignored.
03-Sep-2021 12:35:58.666 AVERTISSEMENT [main] org.apache.tomcat.dbcp.dbcp2.BasicDataSourceFactory.getObjectInstance Name = MySchoolDS Property maxWait is not used in DBCP2 , use maxWaitMillis instead. maxWaitMillis default value is -1. You have set value of "10000" for "maxWait" property, which is being ignored.
03-Sep-2021 12:35:58.666 AVERTISSEMENT [main] org.apache.tomcat.dbcp.dbcp2.BasicDataSourceFactory.getObjectInstance Name = OneReleaseDS Property maxActive is not used in DBCP2, use maxTotal instead. maxTotal default value is 8. You have set value of "20" for "maxActive" property, which is being ignored.
03-Sep-2021 12:35:58.666 AVERTISSEMENT [main] org.apache.tomcat.dbcp.dbcp2.BasicDataSourceFactory.getObjectInstance Name = OneReleaseDS Property maxWait is not used in DBCP2 , use maxWaitMillis instead. maxWaitMillis default value is -1. You have set value of "10000" for "maxWait" property, which is being ignored.
03-Sep-2021 12:35:58.666 AVERTISSEMENT [main] org.apache.tomcat.dbcp.dbcp2.BasicDataSourceFactory.getObjectInstance Name = InvoiceDemoDS Property maxActive is not used in DBCP2, use maxTotal instead. maxTotal default value is 8. You have set value of "20" for "maxActive" property, which is being ignored.
03-Sep-2021 12:35:58.666 AVERTISSEMENT [main] org.apache.tomcat.dbcp.dbcp2.BasicDataSourceFactory.getObjectInstance Name = InvoiceDemoDS Property maxWait is not used in DBCP2 , use maxWaitMillis instead. maxWaitMillis default value is -1. You have set value of "10000" for "maxWait" property, which is being ignored.
03-Sep-2021 12:35:58.932 INFOS [main] org.apache.jasper.servlet.TldScanner.scanJars At least one JAR was scanned for TLDs yet contained no TLDs. Enable debug logging for this logger for a complete list of JARs that were scanned but no TLDs were found in them. Skipping unneeded JARs during scanning can improve startup time and JSP compilation time.
03-Sep-2021 12:35:59.369 INFOS [main] com.sun.jersey.api.core.PackagesResourceConfig.init Scanning for root resource and provider classes in the packages:
  org.webservice
03-Sep-2021 12:35:59.432 INFOS [main] com.sun.jersey.api.core.ScanningResourceConfig.logClasses Root resource classes found:
  class org.webservice.EndPoint
03-Sep-2021 12:35:59.432 INFOS [main] com.sun.jersey.api.core.ScanningResourceConfig.init No provider classes found.
03-Sep-2021 12:35:59.650 INFOS [main] com.sun.jersey.server.impl.application.WebApplicationImpl._initiate Initiating Jersey application, version 'Jersey: 1.8-ea03 06/10/2011 03:17 PM'
03-Sep-2021 12:36:01.400 AVERTISSEMENT [main] com.sun.jersey.spi.inject.Errors.processErrorMessages The following warnings have been detected with resource and/or provider classes:
  WARNING: A HTTP GET method, public javax.ws.rs.core.Response org.webservice.EndPoint.verifyRESTService(java.io.InputStream), should not consume any entity.
03-Sep-2021 12:36:01.994 INFOS [main] org.apache.catalina.startup.HostConfig.deployDirectory Deployment of web application directory [C:\Users\ghass\OneDrive\Bureau\OneRelease\openxava-6.2.1\tomcat\webapps\OneRelease] has finished in [10 449] ms
03-Sep-2021 12:36:01.994 INFOS [main] org.apache.catalina.startup.HostConfig.deployDirectory Déploiement du répertoire [C:\Users\ghass\OneDrive\Bureau\OneRelease\openxava-6.2.1\tomcat\webapps\tp_if] de l'application web
03-Sep-2021 12:36:04.494 AVERTISSEMENT [main] org.apache.tomcat.dbcp.dbcp2.BasicDataSourceFactory.getObjectInstance Name = JerseyDS Property maxActive is not used in DBCP2, use maxTotal instead. maxTotal default value is 8. You have set value of "20" for "maxActive" property, which is being ignored.
03-Sep-2021 12:36:04.494 AVERTISSEMENT [main] org.apache.tomcat.dbcp.dbcp2.BasicDataSourceFactory.getObjectInstance Name = JerseyDS Property maxWait is not used in DBCP2 , use maxWaitMillis instead. maxWaitMillis default value is -1. You have set value of "10000" for "maxWait" property, which is being ignored.
03-Sep-2021 12:36:04.494 AVERTISSEMENT [main] org.apache.tomcat.dbcp.dbcp2.BasicDataSourceFactory.getObjectInstance Name = OpenXavaTestDS Property maxActive is not used in DBCP2, use maxTotal instead. maxTotal default value is 8. You have set value of "20" for "maxActive" property, which is being ignored.
03-Sep-2021 12:36:04.494 AVERTISSEMENT [main] org.apache.tomcat.dbcp.dbcp2.BasicDataSourceFactory.getObjectInstance Name = OpenXavaTestDS Property maxWait is not used in DBCP2 , use maxWaitMillis instead. maxWaitMillis default value is -1. You have set value of "10000" for "maxWait" property, which is being ignored.
03-Sep-2021 12:36:04.494 AVERTISSEMENT [main] org.apache.tomcat.dbcp.dbcp2.BasicDataSourceFactory.getObjectInstance Name = MySchoolDS Property maxActive is not used in DBCP2, use maxTotal instead. maxTotal default value is 8. You have set value of "20" for "maxActive" property, which is being ignored.
03-Sep-2021 12:36:04.494 AVERTISSEMENT [main] org.apache.tomcat.dbcp.dbcp2.BasicDataSourceFactory.getObjectInstance Name = MySchoolDS Property maxWait is not used in DBCP2 , use maxWaitMillis instead. maxWaitMillis default value is -1. You have set value of "10000" for "maxWait" property, which is being ignored.
03-Sep-2021 12:36:04.494 AVERTISSEMENT [main] org.apache.tomcat.dbcp.dbcp2.BasicDataSourceFactory.getObjectInstance Name = OneReleaseDS Property maxActive is not used in DBCP2, use maxTotal instead. maxTotal default value is 8. You have set value of "20" for "maxActive" property, which is being ignored.
03-Sep-2021 12:36:04.494 AVERTISSEMENT [main] org.apache.tomcat.dbcp.dbcp2.BasicDataSourceFactory.getObjectInstance Name = OneReleaseDS Property maxWait is not used in DBCP2 , use maxWaitMillis instead. maxWaitMillis default value is -1. You have set value of "10000" for "maxWait" property, which is being ignored.
03-Sep-2021 12:36:04.494 AVERTISSEMENT [main] org.apache.tomcat.dbcp.dbcp2.BasicDataSourceFactory.getObjectInstance Name = InvoiceDemoDS Property maxActive is not used in DBCP2, use maxTotal instead. maxTotal default value is 8. You have set value of "20" for "maxActive" property, which is being ignored.
03-Sep-2021 12:36:04.494 AVERTISSEMENT [main] org.apache.tomcat.dbcp.dbcp2.BasicDataSourceFactory.getObjectInstance Name = InvoiceDemoDS Property maxWait is not used in DBCP2 , use maxWaitMillis instead. maxWaitMillis default value is -1. You have set value of "10000" for "maxWait" property, which is being ignored.
03-Sep-2021 12:36:04.541 INFOS [main] org.apache.jasper.servlet.TldScanner.scanJars At least one JAR was scanned for TLDs yet contained no TLDs. Enable debug logging for this logger for a complete list of JARs that were scanned but no TLDs were found in them. Skipping unneeded JARs during scanning can improve startup time and JSP compilation time.
03-Sep-2021 12:36:06.353 INFOS [main] org.apache.catalina.startup.HostConfig.deployDirectory Deployment of web application directory [C:\Users\ghass\OneDrive\Bureau\OneRelease\openxava-6.2.1\tomcat\webapps\tp_if] has finished in [4 359] ms
03-Sep-2021 12:36:06.353 INFOS [main] org.apache.coyote.AbstractProtocol.start Starting ProtocolHandler ["http-nio-8080"]
03-Sep-2021 12:36:06.369 INFOS [main] org.apache.coyote.AbstractProtocol.start Starting ProtocolHandler ["ajp-nio-8009"]
03-Sep-2021 12:36:06.384 INFOS [main] org.apache.catalina.startup.Catalina.start Server startup in 14932 ms
03-Sep-2021 12:45:31.897 AVERTISSEMENT [main] org.apache.catalina.startup.SetAllPropertiesRule.begin [SetAllPropertiesRule]{Server/Service/Connector} Setting property 'resolveHosts' to 'true' did not find a matching property.
03-Sep-2021 12:45:31.990 INFOS [main] org.apache.catalina.startup.VersionLoggerListener.log Server version:        Apache Tomcat/9.0.13
03-Sep-2021 12:45:31.990 INFOS [main] org.apache.catalina.startup.VersionLoggerListener.log Server built:          Nov 2 2018 14:27:55 UTC
03-Sep-2021 12:45:31.991 INFOS [main] org.apache.catalina.startup.VersionLoggerListener.log Server number:         9.0.13.0
03-Sep-2021 12:45:31.991 INFOS [main] org.apache.catalina.startup.VersionLoggerListener.log OS Name:               Windows 10
03-Sep-2021 12:45:31.991 INFOS [main] org.apache.catalina.startup.VersionLoggerListener.log OS Version:            10.0
03-Sep-2021 12:45:31.991 INFOS [main] org.apache.catalina.startup.VersionLoggerListener.log Architecture:          amd64
03-Sep-2021 12:45:31.992 INFOS [main] org.apache.catalina.startup.VersionLoggerListener.log Java Home:             C:\Program Files\Java\jdk1.8.0_221\jre
03-Sep-2021 12:45:31.992 INFOS [main] org.apache.catalina.startup.VersionLoggerListener.log JVM Version:           1.8.0_221-b11
03-Sep-2021 12:45:31.992 INFOS [main] org.apache.catalina.startup.VersionLoggerListener.log JVM Vendor:            Oracle Corporation
03-Sep-2021 12:45:31.992 INFOS [main] org.apache.catalina.startup.VersionLoggerListener.log CATALINA_BASE:         C:\Users\ghass\OneDrive\Bureau\OneRelease\openxava-6.2.1\tomcat
03-Sep-2021 12:45:31.995 INFOS [main] org.apache.catalina.startup.VersionLoggerListener.log CATALINA_HOME:         C:\Users\ghass\OneDrive\Bureau\OneRelease\openxava-6.2.1\tomcat
03-Sep-2021 12:45:31.996 INFOS [main] org.apache.catalina.startup.VersionLoggerListener.log Command line argument: -Djava.util.logging.config.file=C:\Users\ghass\OneDrive\Bureau\OneRelease\openxava-6.2.1\tomcat\conf\logging.properties
03-Sep-2021 12:45:31.996 INFOS [main] org.apache.catalina.startup.VersionLoggerListener.log Command line argument: -Djava.util.logging.manager=org.apache.juli.ClassLoaderLogManager
03-Sep-2021 12:45:31.996 INFOS [main] org.apache.catalina.startup.VersionLoggerListener.log Command line argument: -Djdk.tls.ephemeralDHKeySize=2048
03-Sep-2021 12:45:31.996 INFOS [main] org.apache.catalina.startup.VersionLoggerListener.log Command line argument: -Djava.protocol.handler.pkgs=org.apache.catalina.webresources
03-Sep-2021 12:45:31.997 INFOS [main] org.apache.catalina.startup.VersionLoggerListener.log Command line argument: -agentlib:jdwp=transport=dt_socket,address=localhost:8000,server=y,suspend=n
03-Sep-2021 12:45:31.997 INFOS [main] org.apache.catalina.startup.VersionLoggerListener.log Command line argument: -Dignore.endorsed.dirs=
03-Sep-2021 12:45:31.998 INFOS [main] org.apache.catalina.startup.VersionLoggerListener.log Command line argument: -Dcatalina.base=C:\Users\ghass\OneDrive\Bureau\OneRelease\openxava-6.2.1\tomcat
03-Sep-2021 12:45:31.999 INFOS [main] org.apache.catalina.startup.VersionLoggerListener.log Command line argument: -Dcatalina.home=C:\Users\ghass\OneDrive\Bureau\OneRelease\openxava-6.2.1\tomcat
03-Sep-2021 12:45:32.000 INFOS [main] org.apache.catalina.startup.VersionLoggerListener.log Command line argument: -Djava.io.tmpdir=C:\Users\ghass\OneDrive\Bureau\OneRelease\openxava-6.2.1\tomcat\temp
03-Sep-2021 12:45:32.000 INFOS [main] org.apache.catalina.core.AprLifecycleListener.lifecycleEvent The APR based Apache Tomcat Native library which allows optimal performance in production environments was not found on the java.library.path: [C:\Program Files\Java\jdk1.8.0_221\bin;C:\WINDOWS\Sun\Java\bin;C:\WINDOWS\system32;C:\WINDOWS;C:\oraclexe\app\oracle\product\11.2.0\server\bin;;C:\Python39\Scripts\;C:\Python39\;C:\oraclexe\app\oracle\product\11.2.0\server\bin;C:\WINDOWS\system32;C:\WINDOWS;C:\WINDOWS\System32\Wbem;C:\WINDOWS\System32\WindowsPowerShell\v1.0\;C:\WINDOWS\System32\OpenSSH\;C:\Program Files\Git\cmd;C:\oraclexe\app\oracle\product\11.2.0\server\rdbms\admin;C:\Program Files\nodejs\;C:\ProgramData\chocolatey\bin;C:\Users\ghass\AppData\Local\Microsoft\WindowsApps;C:\Program Files\Java\jdk1.8.0_221\bin;C:\Program Files\apache-maven-3.6.2\bin;C:\cygwin64\bin;C:\Users\ghass\OneDrive\Bureau\OneRelease\openxava-6.2.1\tomcat\bin;C:\Users\ghass\OneDrive\Bureau\ghassene\eclipse-jee-oxygen-R-win_64(complete)\eclipse-jee-oxygen-R-win32-x86_64\eclipse\plugins\org.apache.ant_1.10.1.v20170504-0840\bin;C:\Program Files\JetBrains\IntelliJ IDEA 2020.3.2\bin;C:\Users\ghass\AppData\Local\Programs\IPFS Desktop\resources\app.asar.unpacked\src\ipfs-on-path\scripts\bin-win;C:\Users\ghass\AppData\Roaming\npm;C:\Users\ghass\OneDrive\Bureau\IF4\sem2\PFA\IPFS;C:\Python27;;.]
03-Sep-2021 12:45:32.261 INFOS [main] org.apache.coyote.AbstractProtocol.init Initializing ProtocolHandler ["http-nio-8080"]
03-Sep-2021 12:45:32.754 INFOS [main] org.apache.tomcat.util.net.NioSelectorPool.getSharedSelector Using a shared selector for servlet write/read
03-Sep-2021 12:45:32.776 INFOS [main] org.apache.coyote.AbstractProtocol.init Initializing ProtocolHandler ["ajp-nio-8009"]
03-Sep-2021 12:45:32.783 INFOS [main] org.apache.tomcat.util.net.NioSelectorPool.getSharedSelector Using a shared selector for servlet write/read
03-Sep-2021 12:45:32.785 INFOS [main] org.apache.catalina.startup.Catalina.load Initialization processed in 1631 ms
03-Sep-2021 12:45:32.834 INFOS [main] org.apache.catalina.core.StandardService.startInternal Démarrage du service [Catalina]
03-Sep-2021 12:45:32.834 INFOS [main] org.apache.catalina.core.StandardEngine.startInternal Starting Servlet Engine: Apache Tomcat/9.0.13
03-Sep-2021 12:45:32.850 INFOS [main] org.apache.catalina.startup.HostConfig.deployDirectory Déploiement du répertoire [C:\Users\ghass\OneDrive\Bureau\OneRelease\openxava-6.2.1\tomcat\webapps\OneRelease] de l'application web
03-Sep-2021 12:45:40.196 AVERTISSEMENT [main] org.apache.tomcat.dbcp.dbcp2.BasicDataSourceFactory.getObjectInstance Name = JerseyDS Property maxActive is not used in DBCP2, use maxTotal instead. maxTotal default value is 8. You have set value of "20" for "maxActive" property, which is being ignored.
03-Sep-2021 12:45:40.196 AVERTISSEMENT [main] org.apache.tomcat.dbcp.dbcp2.BasicDataSourceFactory.getObjectInstance Name = JerseyDS Property maxWait is not used in DBCP2 , use maxWaitMillis instead. maxWaitMillis default value is -1. You have set value of "10000" for "maxWait" property, which is being ignored.
03-Sep-2021 12:45:40.211 AVERTISSEMENT [main] org.apache.tomcat.dbcp.dbcp2.BasicDataSourceFactory.getObjectInstance Name = OpenXavaTestDS Property maxActive is not used in DBCP2, use maxTotal instead. maxTotal default value is 8. You have set value of "20" for "maxActive" property, which is being ignored.
03-Sep-2021 12:45:40.212 AVERTISSEMENT [main] org.apache.tomcat.dbcp.dbcp2.BasicDataSourceFactory.getObjectInstance Name = OpenXavaTestDS Property maxWait is not used in DBCP2 , use maxWaitMillis instead. maxWaitMillis default value is -1. You have set value of "10000" for "maxWait" property, which is being ignored.
03-Sep-2021 12:45:40.213 AVERTISSEMENT [main] org.apache.tomcat.dbcp.dbcp2.BasicDataSourceFactory.getObjectInstance Name = MySchoolDS Property maxActive is not used in DBCP2, use maxTotal instead. maxTotal default value is 8. You have set value of "20" for "maxActive" property, which is being ignored.
03-Sep-2021 12:45:40.214 AVERTISSEMENT [main] org.apache.tomcat.dbcp.dbcp2.BasicDataSourceFactory.getObjectInstance Name = MySchoolDS Property maxWait is not used in DBCP2 , use maxWaitMillis instead. maxWaitMillis default value is -1. You have set value of "10000" for "maxWait" property, which is being ignored.
03-Sep-2021 12:45:40.215 AVERTISSEMENT [main] org.apache.tomcat.dbcp.dbcp2.BasicDataSourceFactory.getObjectInstance Name = OneReleaseDS Property maxActive is not used in DBCP2, use maxTotal instead. maxTotal default value is 8. You have set value of "20" for "maxActive" property, which is being ignored.
03-Sep-2021 12:45:40.215 AVERTISSEMENT [main] org.apache.tomcat.dbcp.dbcp2.BasicDataSourceFactory.getObjectInstance Name = OneReleaseDS Property maxWait is not used in DBCP2 , use maxWaitMillis instead. maxWaitMillis default value is -1. You have set value of "10000" for "maxWait" property, which is being ignored.
03-Sep-2021 12:45:40.216 AVERTISSEMENT [main] org.apache.tomcat.dbcp.dbcp2.BasicDataSourceFactory.getObjectInstance Name = InvoiceDemoDS Property maxActive is not used in DBCP2, use maxTotal instead. maxTotal default value is 8. You have set value of "20" for "maxActive" property, which is being ignored.
03-Sep-2021 12:45:40.217 AVERTISSEMENT [main] org.apache.tomcat.dbcp.dbcp2.BasicDataSourceFactory.getObjectInstance Name = InvoiceDemoDS Property maxWait is not used in DBCP2 , use maxWaitMillis instead. maxWaitMillis default value is -1. You have set value of "10000" for "maxWait" property, which is being ignored.
03-Sep-2021 12:45:40.483 INFOS [main] org.apache.jasper.servlet.TldScanner.scanJars At least one JAR was scanned for TLDs yet contained no TLDs. Enable debug logging for this logger for a complete list of JARs that were scanned but no TLDs were found in them. Skipping unneeded JARs during scanning can improve startup time and JSP compilation time.
03-Sep-2021 12:45:40.937 INFOS [main] com.sun.jersey.api.core.PackagesResourceConfig.init Scanning for root resource and provider classes in the packages:
  org.webservice
03-Sep-2021 12:45:40.982 INFOS [main] com.sun.jersey.api.core.ScanningResourceConfig.logClasses Root resource classes found:
  class org.webservice.EndPoint
03-Sep-2021 12:45:40.983 INFOS [main] com.sun.jersey.api.core.ScanningResourceConfig.init No provider classes found.
03-Sep-2021 12:45:41.188 INFOS [main] com.sun.jersey.server.impl.application.WebApplicationImpl._initiate Initiating Jersey application, version 'Jersey: 1.8-ea03 06/10/2011 03:17 PM'
03-Sep-2021 12:45:42.892 AVERTISSEMENT [main] com.sun.jersey.spi.inject.Errors.processErrorMessages The following warnings have been detected with resource and/or provider classes:
  WARNING: A HTTP GET method, public javax.ws.rs.core.Response org.webservice.EndPoint.verifyRESTService(java.io.InputStream), should not consume any entity.
03-Sep-2021 12:45:43.466 INFOS [main] org.apache.catalina.startup.HostConfig.deployDirectory Deployment of web application directory [C:\Users\ghass\OneDrive\Bureau\OneRelease\openxava-6.2.1\tomcat\webapps\OneRelease] has finished in [10 615] ms
03-Sep-2021 12:45:43.466 INFOS [main] org.apache.catalina.startup.HostConfig.deployDirectory Déploiement du répertoire [C:\Users\ghass\OneDrive\Bureau\OneRelease\openxava-6.2.1\tomcat\webapps\tp_if] de l'application web
03-Sep-2021 12:45:45.725 AVERTISSEMENT [main] org.apache.tomcat.dbcp.dbcp2.BasicDataSourceFactory.getObjectInstance Name = JerseyDS Property maxActive is not used in DBCP2, use maxTotal instead. maxTotal default value is 8. You have set value of "20" for "maxActive" property, which is being ignored.
03-Sep-2021 12:45:45.726 AVERTISSEMENT [main] org.apache.tomcat.dbcp.dbcp2.BasicDataSourceFactory.getObjectInstance Name = JerseyDS Property maxWait is not used in DBCP2 , use maxWaitMillis instead. maxWaitMillis default value is -1. You have set value of "10000" for "maxWait" property, which is being ignored.
03-Sep-2021 12:45:45.728 AVERTISSEMENT [main] org.apache.tomcat.dbcp.dbcp2.BasicDataSourceFactory.getObjectInstance Name = OpenXavaTestDS Property maxActive is not used in DBCP2, use maxTotal instead. maxTotal default value is 8. You have set value of "20" for "maxActive" property, which is being ignored.
03-Sep-2021 12:45:45.729 AVERTISSEMENT [main] org.apache.tomcat.dbcp.dbcp2.BasicDataSourceFactory.getObjectInstance Name = OpenXavaTestDS Property maxWait is not used in DBCP2 , use maxWaitMillis instead. maxWaitMillis default value is -1. You have set value of "10000" for "maxWait" property, which is being ignored.
03-Sep-2021 12:45:45.730 AVERTISSEMENT [main] org.apache.tomcat.dbcp.dbcp2.BasicDataSourceFactory.getObjectInstance Name = MySchoolDS Property maxActive is not used in DBCP2, use maxTotal instead. maxTotal default value is 8. You have set value of "20" for "maxActive" property, which is being ignored.
03-Sep-2021 12:45:45.731 AVERTISSEMENT [main] org.apache.tomcat.dbcp.dbcp2.BasicDataSourceFactory.getObjectInstance Name = MySchoolDS Property maxWait is not used in DBCP2 , use maxWaitMillis instead. maxWaitMillis default value is -1. You have set value of "10000" for "maxWait" property, which is being ignored.
03-Sep-2021 12:45:45.732 AVERTISSEMENT [main] org.apache.tomcat.dbcp.dbcp2.BasicDataSourceFactory.getObjectInstance Name = OneReleaseDS Property maxActive is not used in DBCP2, use maxTotal instead. maxTotal default value is 8. You have set value of "20" for "maxActive" property, which is being ignored.
03-Sep-2021 12:45:45.732 AVERTISSEMENT [main] org.apache.tomcat.dbcp.dbcp2.BasicDataSourceFactory.getObjectInstance Name = OneReleaseDS Property maxWait is not used in DBCP2 , use maxWaitMillis instead. maxWaitMillis default value is -1. You have set value of "10000" for "maxWait" property, which is being ignored.
03-Sep-2021 12:45:45.734 AVERTISSEMENT [main] org.apache.tomcat.dbcp.dbcp2.BasicDataSourceFactory.getObjectInstance Name = InvoiceDemoDS Property maxActive is not used in DBCP2, use maxTotal instead. maxTotal default value is 8. You have set value of "20" for "maxActive" property, which is being ignored.
03-Sep-2021 12:45:45.734 AVERTISSEMENT [main] org.apache.tomcat.dbcp.dbcp2.BasicDataSourceFactory.getObjectInstance Name = InvoiceDemoDS Property maxWait is not used in DBCP2 , use maxWaitMillis instead. maxWaitMillis default value is -1. You have set value of "10000" for "maxWait" property, which is being ignored.
03-Sep-2021 12:45:45.798 INFOS [main] org.apache.jasper.servlet.TldScanner.scanJars At least one JAR was scanned for TLDs yet contained no TLDs. Enable debug logging for this logger for a complete list of JARs that were scanned but no TLDs were found in them. Skipping unneeded JARs during scanning can improve startup time and JSP compilation time.
03-Sep-2021 12:45:47.748 INFOS [main] org.apache.catalina.startup.HostConfig.deployDirectory Deployment of web application directory [C:\Users\ghass\OneDrive\Bureau\OneRelease\openxava-6.2.1\tomcat\webapps\tp_if] has finished in [4 282] ms
03-Sep-2021 12:45:47.753 INFOS [main] org.apache.coyote.AbstractProtocol.start Starting ProtocolHandler ["http-nio-8080"]
03-Sep-2021 12:45:47.775 INFOS [main] org.apache.coyote.AbstractProtocol.start Starting ProtocolHandler ["ajp-nio-8009"]
03-Sep-2021 12:45:47.780 INFOS [main] org.apache.catalina.startup.Catalina.start Server startup in 14994 ms
03-Sep-2021 14:39:27.883 INFOS [ContainerBackgroundProcessor[StandardEngine[Catalina]]] org.apache.catalina.startup.HostConfig.undeploy Repli (undeploy) de l'application web ayant pour chemin de contexte [/OneRelease]
03-Sep-2021 14:39:27.960 GRAVE [ContainerBackgroundProcessor[StandardEngine[Catalina]]] org.apache.catalina.loader.WebappClassLoaderBase.checkThreadLocalMapForLeaks The web application [OneRelease] created a ThreadLocal with key of type [java.lang.ThreadLocal] (value [java.lang.ThreadLocal@3f80f5e7]) and a value of type [org.openxava.util.UserInfo] (value [org.openxava.util.UserInfo@5bf33a93]) but failed to remove it when the web application was stopped. Threads are going to be renewed over time to try and avoid a probable memory leak.
03-Sep-2021 14:39:27.960 GRAVE [ContainerBackgroundProcessor[StandardEngine[Catalina]]] org.apache.catalina.loader.WebappClassLoaderBase.checkThreadLocalMapForLeaks The web application [OneRelease] created a ThreadLocal with key of type [java.lang.ThreadLocal] (value [java.lang.ThreadLocal@1a86acc0]) and a value of type [org.openxava.util.EmailNotifications.ModuleInfo] (value [org.openxava.util.EmailNotifications$ModuleInfo@45bd942c]) but failed to remove it when the web application was stopped. Threads are going to be renewed over time to try and avoid a probable memory leak.
03-Sep-2021 14:39:27.961 GRAVE [ContainerBackgroundProcessor[StandardEngine[Catalina]]] org.apache.catalina.loader.WebappClassLoaderBase.checkThreadLocalMapForLeaks The web application [OneRelease] created a ThreadLocal with key of type [java.lang.ThreadLocal] (value [java.lang.ThreadLocal@3f80f5e7]) and a value of type [org.openxava.util.UserInfo] (value [org.openxava.util.UserInfo@7d2a6eb1]) but failed to remove it when the web application was stopped. Threads are going to be renewed over time to try and avoid a probable memory leak.
03-Sep-2021 14:39:27.961 GRAVE [ContainerBackgroundProcessor[StandardEngine[Catalina]]] org.apache.catalina.loader.WebappClassLoaderBase.checkThreadLocalMapForLeaks The web application [OneRelease] created a ThreadLocal with key of type [java.lang.ThreadLocal] (value [java.lang.ThreadLocal@1a86acc0]) and a value of type [org.openxava.util.EmailNotifications.ModuleInfo] (value [org.openxava.util.EmailNotifications$ModuleInfo@3f4fe425]) but failed to remove it when the web application was stopped. Threads are going to be renewed over time to try and avoid a probable memory leak.
03-Sep-2021 14:39:27.962 GRAVE [ContainerBackgroundProcessor[StandardEngine[Catalina]]] org.apache.catalina.loader.WebappClassLoaderBase.checkThreadLocalMapForLeaks The web application [OneRelease] created a ThreadLocal with key of type [java.lang.ThreadLocal] (value [java.lang.ThreadLocal@3f80f5e7]) and a value of type [org.openxava.util.UserInfo] (value [org.openxava.util.UserInfo@1080afa0]) but failed to remove it when the web application was stopped. Threads are going to be renewed over time to try and avoid a probable memory leak.
03-Sep-2021 14:39:27.962 GRAVE [ContainerBackgroundProcessor[StandardEngine[Catalina]]] org.apache.catalina.loader.WebappClassLoaderBase.checkThreadLocalMapForLeaks The web application [OneRelease] created a ThreadLocal with key of type [java.lang.ThreadLocal] (value [java.lang.ThreadLocal@1a86acc0]) and a value of type [org.openxava.util.EmailNotifications.ModuleInfo] (value [org.openxava.util.EmailNotifications$ModuleInfo@39b54568]) but failed to remove it when the web application was stopped. Threads are going to be renewed over time to try and avoid a probable memory leak.
03-Sep-2021 14:39:27.963 GRAVE [ContainerBackgroundProcessor[StandardEngine[Catalina]]] org.apache.catalina.loader.WebappClassLoaderBase.checkThreadLocalMapForLeaks The web application [OneRelease] created a ThreadLocal with key of type [java.lang.ThreadLocal] (value [java.lang.ThreadLocal@3f80f5e7]) and a value of type [org.openxava.util.UserInfo] (value [org.openxava.util.UserInfo@17c4fb09]) but failed to remove it when the web application was stopped. Threads are going to be renewed over time to try and avoid a probable memory leak.
03-Sep-2021 14:39:27.963 GRAVE [ContainerBackgroundProcessor[StandardEngine[Catalina]]] org.apache.catalina.loader.WebappClassLoaderBase.checkThreadLocalMapForLeaks The web application [OneRelease] created a ThreadLocal with key of type [java.lang.ThreadLocal] (value [java.lang.ThreadLocal@1a86acc0]) and a value of type [org.openxava.util.EmailNotifications.ModuleInfo] (value [org.openxava.util.EmailNotifications$ModuleInfo@57ea5b18]) but failed to remove it when the web application was stopped. Threads are going to be renewed over time to try and avoid a probable memory leak.
03-Sep-2021 14:39:27.964 GRAVE [ContainerBackgroundProcessor[StandardEngine[Catalina]]] org.apache.catalina.loader.WebappClassLoaderBase.checkThreadLocalMapForLeaks The web application [OneRelease] created a ThreadLocal with key of type [java.lang.ThreadLocal] (value [java.lang.ThreadLocal@1a86acc0]) and a value of type [org.openxava.util.EmailNotifications.ModuleInfo] (value [org.openxava.util.EmailNotifications$ModuleInfo@6123255c]) but failed to remove it when the web application was stopped. Threads are going to be renewed over time to try and avoid a probable memory leak.
03-Sep-2021 14:39:27.965 GRAVE [ContainerBackgroundProcessor[StandardEngine[Catalina]]] org.apache.catalina.loader.WebappClassLoaderBase.checkThreadLocalMapForLeaks The web application [OneRelease] created a ThreadLocal with key of type [java.lang.ThreadLocal] (value [java.lang.ThreadLocal@1a86acc0]) and a value of type [org.openxava.util.EmailNotifications.ModuleInfo] (value [org.openxava.util.EmailNotifications$ModuleInfo@641490fb]) but failed to remove it when the web application was stopped. Threads are going to be renewed over time to try and avoid a probable memory leak.
03-Sep-2021 14:39:27.965 GRAVE [ContainerBackgroundProcessor[StandardEngine[Catalina]]] org.apache.catalina.loader.WebappClassLoaderBase.checkThreadLocalMapForLeaks The web application [OneRelease] created a ThreadLocal with key of type [java.lang.ThreadLocal] (value [java.lang.ThreadLocal@1a86acc0]) and a value of type [org.openxava.util.EmailNotifications.ModuleInfo] (value [org.openxava.util.EmailNotifications$ModuleInfo@365bc2c0]) but failed to remove it when the web application was stopped. Threads are going to be renewed over time to try and avoid a probable memory leak.
03-Sep-2021 14:39:27.965 GRAVE [ContainerBackgroundProcessor[StandardEngine[Catalina]]] org.apache.catalina.loader.WebappClassLoaderBase.checkThreadLocalMapForLeaks The web application [OneRelease] created a ThreadLocal with key of type [java.lang.ThreadLocal] (value [java.lang.ThreadLocal@1a86acc0]) and a value of type [org.openxava.util.EmailNotifications.ModuleInfo] (value [org.openxava.util.EmailNotifications$ModuleInfo@1b7ff564]) but failed to remove it when the web application was stopped. Threads are going to be renewed over time to try and avoid a probable memory leak.
03-Sep-2021 14:39:27.966 GRAVE [ContainerBackgroundProcessor[StandardEngine[Catalina]]] org.apache.catalina.loader.WebappClassLoaderBase.checkThreadLocalMapForLeaks The web application [OneRelease] created a ThreadLocal with key of type [java.lang.ThreadLocal] (value [java.lang.ThreadLocal@1a86acc0]) and a value of type [org.openxava.util.EmailNotifications.ModuleInfo] (value [org.openxava.util.EmailNotifications$ModuleInfo@638e3a92]) but failed to remove it when the web application was stopped. Threads are going to be renewed over time to try and avoid a probable memory leak.
03-Sep-2021 14:39:27.966 GRAVE [ContainerBackgroundProcessor[StandardEngine[Catalina]]] org.apache.catalina.loader.WebappClassLoaderBase.checkThreadLocalMapForLeaks The web application [OneRelease] created a ThreadLocal with key of type [java.lang.ThreadLocal] (value [java.lang.ThreadLocal@1a86acc0]) and a value of type [org.openxava.util.EmailNotifications.ModuleInfo] (value [org.openxava.util.EmailNotifications$ModuleInfo@235dfd50]) but failed to remove it when the web application was stopped. Threads are going to be renewed over time to try and avoid a probable memory leak.
03-Sep-2021 14:39:38.041 INFOS [ContainerBackgroundProcessor[StandardEngine[Catalina]]] org.apache.catalina.startup.HostConfig.deployDirectory Déploiement du répertoire [C:\Users\ghass\OneDrive\Bureau\OneRelease\openxava-6.2.1\tomcat\webapps\OneRelease] de l'application web
03-Sep-2021 14:39:45.948 INFOS [ContainerBackgroundProcessor[StandardEngine[Catalina]]] org.apache.jasper.servlet.TldScanner.scanJars At least one JAR was scanned for TLDs yet contained no TLDs. Enable debug logging for this logger for a complete list of JARs that were scanned but no TLDs were found in them. Skipping unneeded JARs during scanning can improve startup time and JSP compilation time.
03-Sep-2021 14:39:46.275 INFOS [ContainerBackgroundProcessor[StandardEngine[Catalina]]] com.sun.jersey.api.core.PackagesResourceConfig.init Scanning for root resource and provider classes in the packages:
  org.webservice
03-Sep-2021 14:39:46.315 INFOS [ContainerBackgroundProcessor[StandardEngine[Catalina]]] com.sun.jersey.api.core.ScanningResourceConfig.logClasses Root resource classes found:
  class org.webservice.EndPoint
03-Sep-2021 14:39:46.315 INFOS [ContainerBackgroundProcessor[StandardEngine[Catalina]]] com.sun.jersey.api.core.ScanningResourceConfig.init No provider classes found.
03-Sep-2021 14:39:46.549 INFOS [ContainerBackgroundProcessor[StandardEngine[Catalina]]] com.sun.jersey.server.impl.application.WebApplicationImpl._initiate Initiating Jersey application, version 'Jersey: 1.8-ea03 06/10/2011 03:17 PM'
03-Sep-2021 14:39:48.514 AVERTISSEMENT [ContainerBackgroundProcessor[StandardEngine[Catalina]]] com.sun.jersey.spi.inject.Errors.processErrorMessages The following warnings have been detected with resource and/or provider classes:
  WARNING: A HTTP GET method, public javax.ws.rs.core.Response org.webservice.EndPoint.verifyRESTService(java.io.InputStream), should not consume any entity.
03-Sep-2021 14:39:48.865 INFOS [ContainerBackgroundProcessor[StandardEngine[Catalina]]] org.apache.catalina.startup.HostConfig.deployDirectory Deployment of web application directory [C:\Users\ghass\OneDrive\Bureau\OneRelease\openxava-6.2.1\tomcat\webapps\OneRelease] has finished in [10 824] ms
03-Sep-2021 15:09:41.951 AVERTISSEMENT [main] org.apache.catalina.startup.SetAllPropertiesRule.begin [SetAllPropertiesRule]{Server/Service/Connector} Setting property 'resolveHosts' to 'true' did not find a matching property.
03-Sep-2021 15:09:42.044 INFOS [main] org.apache.catalina.startup.VersionLoggerListener.log Server version:        Apache Tomcat/9.0.13
03-Sep-2021 15:09:42.045 INFOS [main] org.apache.catalina.startup.VersionLoggerListener.log Server built:          Nov 2 2018 14:27:55 UTC
03-Sep-2021 15:09:42.045 INFOS [main] org.apache.catalina.startup.VersionLoggerListener.log Server number:         9.0.13.0
03-Sep-2021 15:09:42.045 INFOS [main] org.apache.catalina.startup.VersionLoggerListener.log OS Name:               Windows 10
03-Sep-2021 15:09:42.046 INFOS [main] org.apache.catalina.startup.VersionLoggerListener.log OS Version:            10.0
03-Sep-2021 15:09:42.046 INFOS [main] org.apache.catalina.startup.VersionLoggerListener.log Architecture:          amd64
03-Sep-2021 15:09:42.047 INFOS [main] org.apache.catalina.startup.VersionLoggerListener.log Java Home:             C:\Program Files\Java\jdk1.8.0_221\jre
03-Sep-2021 15:09:42.047 INFOS [main] org.apache.catalina.startup.VersionLoggerListener.log JVM Version:           1.8.0_221-b11
03-Sep-2021 15:09:42.047 INFOS [main] org.apache.catalina.startup.VersionLoggerListener.log JVM Vendor:            Oracle Corporation
03-Sep-2021 15:09:42.048 INFOS [main] org.apache.catalina.startup.VersionLoggerListener.log CATALINA_BASE:         C:\Users\ghass\OneDrive\Bureau\OneRelease\openxava-6.2.1\tomcat
03-Sep-2021 15:09:42.051 INFOS [main] org.apache.catalina.startup.VersionLoggerListener.log CATALINA_HOME:         C:\Users\ghass\OneDrive\Bureau\OneRelease\openxava-6.2.1\tomcat
03-Sep-2021 15:09:42.051 INFOS [main] org.apache.catalina.startup.VersionLoggerListener.log Command line argument: -Djava.util.logging.config.file=C:\Users\ghass\OneDrive\Bureau\OneRelease\openxava-6.2.1\tomcat\conf\logging.properties
03-Sep-2021 15:09:42.052 INFOS [main] org.apache.catalina.startup.VersionLoggerListener.log Command line argument: -Djava.util.logging.manager=org.apache.juli.ClassLoaderLogManager
03-Sep-2021 15:09:42.052 INFOS [main] org.apache.catalina.startup.VersionLoggerListener.log Command line argument: -Djdk.tls.ephemeralDHKeySize=2048
03-Sep-2021 15:09:42.052 INFOS [main] org.apache.catalina.startup.VersionLoggerListener.log Command line argument: -Djava.protocol.handler.pkgs=org.apache.catalina.webresources
03-Sep-2021 15:09:42.053 INFOS [main] org.apache.catalina.startup.VersionLoggerListener.log Command line argument: -agentlib:jdwp=transport=dt_socket,address=localhost:8000,server=y,suspend=n
03-Sep-2021 15:09:42.054 INFOS [main] org.apache.catalina.startup.VersionLoggerListener.log Command line argument: -Dignore.endorsed.dirs=
03-Sep-2021 15:09:42.055 INFOS [main] org.apache.catalina.startup.VersionLoggerListener.log Command line argument: -Dcatalina.base=C:\Users\ghass\OneDrive\Bureau\OneRelease\openxava-6.2.1\tomcat
03-Sep-2021 15:09:42.056 INFOS [main] org.apache.catalina.startup.VersionLoggerListener.log Command line argument: -Dcatalina.home=C:\Users\ghass\OneDrive\Bureau\OneRelease\openxava-6.2.1\tomcat
03-Sep-2021 15:09:42.056 INFOS [main] org.apache.catalina.startup.VersionLoggerListener.log Command line argument: -Djava.io.tmpdir=C:\Users\ghass\OneDrive\Bureau\OneRelease\openxava-6.2.1\tomcat\temp
03-Sep-2021 15:09:42.057 INFOS [main] org.apache.catalina.core.AprLifecycleListener.lifecycleEvent The APR based Apache Tomcat Native library which allows optimal performance in production environments was not found on the java.library.path: [C:\Program Files\Java\jdk1.8.0_221\bin;C:\WINDOWS\Sun\Java\bin;C:\WINDOWS\system32;C:\WINDOWS;C:\oraclexe\app\oracle\product\11.2.0\server\bin;;C:\Python39\Scripts\;C:\Python39\;C:\oraclexe\app\oracle\product\11.2.0\server\bin;C:\WINDOWS\system32;C:\WINDOWS;C:\WINDOWS\System32\Wbem;C:\WINDOWS\System32\WindowsPowerShell\v1.0\;C:\WINDOWS\System32\OpenSSH\;C:\Program Files\Git\cmd;C:\oraclexe\app\oracle\product\11.2.0\server\rdbms\admin;C:\Program Files\nodejs\;C:\ProgramData\chocolatey\bin;C:\Users\ghass\AppData\Local\Microsoft\WindowsApps;C:\Program Files\Java\jdk1.8.0_221\bin;C:\Program Files\apache-maven-3.6.2\bin;C:\cygwin64\bin;C:\Users\ghass\OneDrive\Bureau\OneRelease\openxava-6.2.1\tomcat\bin;C:\Users\ghass\OneDrive\Bureau\ghassene\eclipse-jee-oxygen-R-win_64(complete)\eclipse-jee-oxygen-R-win32-x86_64\eclipse\plugins\org.apache.ant_1.10.1.v20170504-0840\bin;C:\Program Files\JetBrains\IntelliJ IDEA 2020.3.2\bin;C:\Users\ghass\AppData\Local\Programs\IPFS Desktop\resources\app.asar.unpacked\src\ipfs-on-path\scripts\bin-win;C:\Users\ghass\AppData\Roaming\npm;C:\Users\ghass\OneDrive\Bureau\IF4\sem2\PFA\IPFS;C:\Python27;;.]
03-Sep-2021 15:09:42.383 INFOS [main] org.apache.coyote.AbstractProtocol.init Initializing ProtocolHandler ["http-nio-8080"]
03-Sep-2021 15:09:42.815 INFOS [main] org.apache.tomcat.util.net.NioSelectorPool.getSharedSelector Using a shared selector for servlet write/read
03-Sep-2021 15:09:42.837 INFOS [main] org.apache.coyote.AbstractProtocol.init Initializing ProtocolHandler ["ajp-nio-8009"]
03-Sep-2021 15:09:42.841 INFOS [main] org.apache.tomcat.util.net.NioSelectorPool.getSharedSelector Using a shared selector for servlet write/read
03-Sep-2021 15:09:42.843 INFOS [main] org.apache.catalina.startup.Catalina.load Initialization processed in 1423 ms
03-Sep-2021 15:09:42.914 INFOS [main] org.apache.catalina.core.StandardService.startInternal Démarrage du service [Catalina]
03-Sep-2021 15:09:42.914 INFOS [main] org.apache.catalina.core.StandardEngine.startInternal Starting Servlet Engine: Apache Tomcat/9.0.13
03-Sep-2021 15:09:42.935 INFOS [main] org.apache.catalina.startup.HostConfig.deployDirectory Déploiement du répertoire [C:\Users\ghass\OneDrive\Bureau\OneRelease\openxava-6.2.1\tomcat\webapps\OneRelease] de l'application web
03-Sep-2021 15:09:50.444 AVERTISSEMENT [main] org.apache.tomcat.dbcp.dbcp2.BasicDataSourceFactory.getObjectInstance Name = JerseyDS Property maxActive is not used in DBCP2, use maxTotal instead. maxTotal default value is 8. You have set value of "20" for "maxActive" property, which is being ignored.
03-Sep-2021 15:09:50.445 AVERTISSEMENT [main] org.apache.tomcat.dbcp.dbcp2.BasicDataSourceFactory.getObjectInstance Name = JerseyDS Property maxWait is not used in DBCP2 , use maxWaitMillis instead. maxWaitMillis default value is -1. You have set value of "10000" for "maxWait" property, which is being ignored.
03-Sep-2021 15:09:50.464 AVERTISSEMENT [main] org.apache.tomcat.dbcp.dbcp2.BasicDataSourceFactory.getObjectInstance Name = OpenXavaTestDS Property maxActive is not used in DBCP2, use maxTotal instead. maxTotal default value is 8. You have set value of "20" for "maxActive" property, which is being ignored.
03-Sep-2021 15:09:50.465 AVERTISSEMENT [main] org.apache.tomcat.dbcp.dbcp2.BasicDataSourceFactory.getObjectInstance Name = OpenXavaTestDS Property maxWait is not used in DBCP2 , use maxWaitMillis instead. maxWaitMillis default value is -1. You have set value of "10000" for "maxWait" property, which is being ignored.
03-Sep-2021 15:09:50.467 AVERTISSEMENT [main] org.apache.tomcat.dbcp.dbcp2.BasicDataSourceFactory.getObjectInstance Name = MySchoolDS Property maxActive is not used in DBCP2, use maxTotal instead. maxTotal default value is 8. You have set value of "20" for "maxActive" property, which is being ignored.
03-Sep-2021 15:09:50.468 AVERTISSEMENT [main] org.apache.tomcat.dbcp.dbcp2.BasicDataSourceFactory.getObjectInstance Name = MySchoolDS Property maxWait is not used in DBCP2 , use maxWaitMillis instead. maxWaitMillis default value is -1. You have set value of "10000" for "maxWait" property, which is being ignored.
03-Sep-2021 15:09:50.469 AVERTISSEMENT [main] org.apache.tomcat.dbcp.dbcp2.BasicDataSourceFactory.getObjectInstance Name = OneReleaseDS Property maxActive is not used in DBCP2, use maxTotal instead. maxTotal default value is 8. You have set value of "20" for "maxActive" property, which is being ignored.
03-Sep-2021 15:09:50.470 AVERTISSEMENT [main] org.apache.tomcat.dbcp.dbcp2.BasicDataSourceFactory.getObjectInstance Name = OneReleaseDS Property maxWait is not used in DBCP2 , use maxWaitMillis instead. maxWaitMillis default value is -1. You have set value of "10000" for "maxWait" property, which is being ignored.
03-Sep-2021 15:09:50.471 AVERTISSEMENT [main] org.apache.tomcat.dbcp.dbcp2.BasicDataSourceFactory.getObjectInstance Name = InvoiceDemoDS Property maxActive is not used in DBCP2, use maxTotal instead. maxTotal default value is 8. You have set value of "20" for "maxActive" property, which is being ignored.
03-Sep-2021 15:09:50.472 AVERTISSEMENT [main] org.apache.tomcat.dbcp.dbcp2.BasicDataSourceFactory.getObjectInstance Name = InvoiceDemoDS Property maxWait is not used in DBCP2 , use maxWaitMillis instead. maxWaitMillis default value is -1. You have set value of "10000" for "maxWait" property, which is being ignored.
03-Sep-2021 15:09:50.832 INFOS [main] org.apache.jasper.servlet.TldScanner.scanJars At least one JAR was scanned for TLDs yet contained no TLDs. Enable debug logging for this logger for a complete list of JARs that were scanned but no TLDs were found in them. Skipping unneeded JARs during scanning can improve startup time and JSP compilation time.
03-Sep-2021 15:09:51.364 INFOS [main] com.sun.jersey.api.core.PackagesResourceConfig.init Scanning for root resource and provider classes in the packages:
  org.webservice
03-Sep-2021 15:09:51.423 INFOS [main] com.sun.jersey.api.core.ScanningResourceConfig.logClasses Root resource classes found:
  class org.webservice.EndPoint
03-Sep-2021 15:09:51.423 INFOS [main] com.sun.jersey.api.core.ScanningResourceConfig.init No provider classes found.
03-Sep-2021 15:09:51.649 INFOS [main] com.sun.jersey.server.impl.application.WebApplicationImpl._initiate Initiating Jersey application, version 'Jersey: 1.8-ea03 06/10/2011 03:17 PM'
03-Sep-2021 15:09:53.370 AVERTISSEMENT [main] com.sun.jersey.spi.inject.Errors.processErrorMessages The following warnings have been detected with resource and/or provider classes:
  WARNING: A HTTP GET method, public javax.ws.rs.core.Response org.webservice.EndPoint.verifyRESTService(java.io.InputStream), should not consume any entity.
03-Sep-2021 15:09:53.952 INFOS [main] org.apache.catalina.startup.HostConfig.deployDirectory Deployment of web application directory [C:\Users\ghass\OneDrive\Bureau\OneRelease\openxava-6.2.1\tomcat\webapps\OneRelease] has finished in [11 016] ms
03-Sep-2021 15:09:53.953 INFOS [main] org.apache.catalina.startup.HostConfig.deployDirectory Déploiement du répertoire [C:\Users\ghass\OneDrive\Bureau\OneRelease\openxava-6.2.1\tomcat\webapps\tp_if] de l'application web
03-Sep-2021 15:09:56.400 AVERTISSEMENT [main] org.apache.tomcat.dbcp.dbcp2.BasicDataSourceFactory.getObjectInstance Name = JerseyDS Property maxActive is not used in DBCP2, use maxTotal instead. maxTotal default value is 8. You have set value of "20" for "maxActive" property, which is being ignored.
03-Sep-2021 15:09:56.401 AVERTISSEMENT [main] org.apache.tomcat.dbcp.dbcp2.BasicDataSourceFactory.getObjectInstance Name = JerseyDS Property maxWait is not used in DBCP2 , use maxWaitMillis instead. maxWaitMillis default value is -1. You have set value of "10000" for "maxWait" property, which is being ignored.
03-Sep-2021 15:09:56.403 AVERTISSEMENT [main] org.apache.tomcat.dbcp.dbcp2.BasicDataSourceFactory.getObjectInstance Name = OpenXavaTestDS Property maxActive is not used in DBCP2, use maxTotal instead. maxTotal default value is 8. You have set value of "20" for "maxActive" property, which is being ignored.
03-Sep-2021 15:09:56.404 AVERTISSEMENT [main] org.apache.tomcat.dbcp.dbcp2.BasicDataSourceFactory.getObjectInstance Name = OpenXavaTestDS Property maxWait is not used in DBCP2 , use maxWaitMillis instead. maxWaitMillis default value is -1. You have set value of "10000" for "maxWait" property, which is being ignored.
03-Sep-2021 15:09:56.405 AVERTISSEMENT [main] org.apache.tomcat.dbcp.dbcp2.BasicDataSourceFactory.getObjectInstance Name = MySchoolDS Property maxActive is not used in DBCP2, use maxTotal instead. maxTotal default value is 8. You have set value of "20" for "maxActive" property, which is being ignored.
03-Sep-2021 15:09:56.406 AVERTISSEMENT [main] org.apache.tomcat.dbcp.dbcp2.BasicDataSourceFactory.getObjectInstance Name = MySchoolDS Property maxWait is not used in DBCP2 , use maxWaitMillis instead. maxWaitMillis default value is -1. You have set value of "10000" for "maxWait" property, which is being ignored.
03-Sep-2021 15:09:56.407 AVERTISSEMENT [main] org.apache.tomcat.dbcp.dbcp2.BasicDataSourceFactory.getObjectInstance Name = OneReleaseDS Property maxActive is not used in DBCP2, use maxTotal instead. maxTotal default value is 8. You have set value of "20" for "maxActive" property, which is being ignored.
03-Sep-2021 15:09:56.408 AVERTISSEMENT [main] org.apache.tomcat.dbcp.dbcp2.BasicDataSourceFactory.getObjectInstance Name = OneReleaseDS Property maxWait is not used in DBCP2 , use maxWaitMillis instead. maxWaitMillis default value is -1. You have set value of "10000" for "maxWait" property, which is being ignored.
03-Sep-2021 15:09:56.410 AVERTISSEMENT [main] org.apache.tomcat.dbcp.dbcp2.BasicDataSourceFactory.getObjectInstance Name = InvoiceDemoDS Property maxActive is not used in DBCP2, use maxTotal instead. maxTotal default value is 8. You have set value of "20" for "maxActive" property, which is being ignored.
03-Sep-2021 15:09:56.411 AVERTISSEMENT [main] org.apache.tomcat.dbcp.dbcp2.BasicDataSourceFactory.getObjectInstance Name = InvoiceDemoDS Property maxWait is not used in DBCP2 , use maxWaitMillis instead. maxWaitMillis default value is -1. You have set value of "10000" for "maxWait" property, which is being ignored.
03-Sep-2021 15:09:56.469 INFOS [main] org.apache.jasper.servlet.TldScanner.scanJars At least one JAR was scanned for TLDs yet contained no TLDs. Enable debug logging for this logger for a complete list of JARs that were scanned but no TLDs were found in them. Skipping unneeded JARs during scanning can improve startup time and JSP compilation time.
03-Sep-2021 15:09:58.475 INFOS [main] org.apache.catalina.startup.HostConfig.deployDirectory Deployment of web application directory [C:\Users\ghass\OneDrive\Bureau\OneRelease\openxava-6.2.1\tomcat\webapps\tp_if] has finished in [4 522] ms
03-Sep-2021 15:09:58.479 INFOS [main] org.apache.coyote.AbstractProtocol.start Starting ProtocolHandler ["http-nio-8080"]
03-Sep-2021 15:09:58.500 INFOS [main] org.apache.coyote.AbstractProtocol.start Starting ProtocolHandler ["ajp-nio-8009"]
03-Sep-2021 15:09:58.505 INFOS [main] org.apache.catalina.startup.Catalina.start Server startup in 15660 ms
03-Sep-2021 16:53:09.133 AVERTISSEMENT [main] org.apache.catalina.startup.SetAllPropertiesRule.begin [SetAllPropertiesRule]{Server/Service/Connector} Setting property 'resolveHosts' to 'true' did not find a matching property.
03-Sep-2021 16:53:09.227 INFOS [main] org.apache.catalina.startup.VersionLoggerListener.log Server version:        Apache Tomcat/9.0.13
03-Sep-2021 16:53:09.227 INFOS [main] org.apache.catalina.startup.VersionLoggerListener.log Server built:          Nov 2 2018 14:27:55 UTC
03-Sep-2021 16:53:09.227 INFOS [main] org.apache.catalina.startup.VersionLoggerListener.log Server number:         9.0.13.0
03-Sep-2021 16:53:09.227 INFOS [main] org.apache.catalina.startup.VersionLoggerListener.log OS Name:               Windows 10
03-Sep-2021 16:53:09.227 INFOS [main] org.apache.catalina.startup.VersionLoggerListener.log OS Version:            10.0
03-Sep-2021 16:53:09.227 INFOS [main] org.apache.catalina.startup.VersionLoggerListener.log Architecture:          amd64
03-Sep-2021 16:53:09.227 INFOS [main] org.apache.catalina.startup.VersionLoggerListener.log Java Home:             C:\Program Files\Java\jdk1.8.0_221\jre
03-Sep-2021 16:53:09.227 INFOS [main] org.apache.catalina.startup.VersionLoggerListener.log JVM Version:           1.8.0_221-b11
03-Sep-2021 16:53:09.227 INFOS [main] org.apache.catalina.startup.VersionLoggerListener.log JVM Vendor:            Oracle Corporation
03-Sep-2021 16:53:09.227 INFOS [main] org.apache.catalina.startup.VersionLoggerListener.log CATALINA_BASE:         C:\Users\ghass\OneDrive\Bureau\OneRelease\openxava-6.2.1\tomcat
03-Sep-2021 16:53:09.227 INFOS [main] org.apache.catalina.startup.VersionLoggerListener.log CATALINA_HOME:         C:\Users\ghass\OneDrive\Bureau\OneRelease\openxava-6.2.1\tomcat
03-Sep-2021 16:53:09.227 INFOS [main] org.apache.catalina.startup.VersionLoggerListener.log Command line argument: -Djava.util.logging.config.file=C:\Users\ghass\OneDrive\Bureau\OneRelease\openxava-6.2.1\tomcat\conf\logging.properties
03-Sep-2021 16:53:09.227 INFOS [main] org.apache.catalina.startup.VersionLoggerListener.log Command line argument: -Djava.util.logging.manager=org.apache.juli.ClassLoaderLogManager
03-Sep-2021 16:53:09.227 INFOS [main] org.apache.catalina.startup.VersionLoggerListener.log Command line argument: -Djdk.tls.ephemeralDHKeySize=2048
03-Sep-2021 16:53:09.227 INFOS [main] org.apache.catalina.startup.VersionLoggerListener.log Command line argument: -Djava.protocol.handler.pkgs=org.apache.catalina.webresources
03-Sep-2021 16:53:09.227 INFOS [main] org.apache.catalina.startup.VersionLoggerListener.log Command line argument: -agentlib:jdwp=transport=dt_socket,address=localhost:8000,server=y,suspend=n
03-Sep-2021 16:53:09.227 INFOS [main] org.apache.catalina.startup.VersionLoggerListener.log Command line argument: -Dignore.endorsed.dirs=
03-Sep-2021 16:53:09.227 INFOS [main] org.apache.catalina.startup.VersionLoggerListener.log Command line argument: -Dcatalina.base=C:\Users\ghass\OneDrive\Bureau\OneRelease\openxava-6.2.1\tomcat
03-Sep-2021 16:53:09.227 INFOS [main] org.apache.catalina.startup.VersionLoggerListener.log Command line argument: -Dcatalina.home=C:\Users\ghass\OneDrive\Bureau\OneRelease\openxava-6.2.1\tomcat
03-Sep-2021 16:53:09.227 INFOS [main] org.apache.catalina.startup.VersionLoggerListener.log Command line argument: -Djava.io.tmpdir=C:\Users\ghass\OneDrive\Bureau\OneRelease\openxava-6.2.1\tomcat\temp
03-Sep-2021 16:53:09.227 INFOS [main] org.apache.catalina.core.AprLifecycleListener.lifecycleEvent The APR based Apache Tomcat Native library which allows optimal performance in production environments was not found on the java.library.path: [C:\Program Files\Java\jdk1.8.0_221\bin;C:\WINDOWS\Sun\Java\bin;C:\WINDOWS\system32;C:\WINDOWS;C:\oraclexe\app\oracle\product\11.2.0\server\bin;;C:\Python39\Scripts\;C:\Python39\;C:\oraclexe\app\oracle\product\11.2.0\server\bin;C:\WINDOWS\system32;C:\WINDOWS;C:\WINDOWS\System32\Wbem;C:\WINDOWS\System32\WindowsPowerShell\v1.0\;C:\WINDOWS\System32\OpenSSH\;C:\Program Files\Git\cmd;C:\oraclexe\app\oracle\product\11.2.0\server\rdbms\admin;C:\Program Files\nodejs\;C:\ProgramData\chocolatey\bin;C:\Users\ghass\AppData\Local\Microsoft\WindowsApps;C:\Program Files\Java\jdk1.8.0_221\bin;C:\Program Files\apache-maven-3.6.2\bin;C:\cygwin64\bin;C:\Users\ghass\OneDrive\Bureau\OneRelease\openxava-6.2.1\tomcat\bin;C:\Users\ghass\OneDrive\Bureau\ghassene\eclipse-jee-oxygen-R-win_64(complete)\eclipse-jee-oxygen-R-win32-x86_64\eclipse\plugins\org.apache.ant_1.10.1.v20170504-0840\bin;C:\Program Files\JetBrains\IntelliJ IDEA 2020.3.2\bin;C:\Users\ghass\AppData\Local\Programs\IPFS Desktop\resources\app.asar.unpacked\src\ipfs-on-path\scripts\bin-win;C:\Users\ghass\AppData\Roaming\npm;C:\Users\ghass\OneDrive\Bureau\IF4\sem2\PFA\IPFS;C:\Python27;;.]
03-Sep-2021 16:53:09.445 INFOS [main] org.apache.coyote.AbstractProtocol.init Initializing ProtocolHandler ["http-nio-8080"]
03-Sep-2021 16:53:09.820 INFOS [main] org.apache.tomcat.util.net.NioSelectorPool.getSharedSelector Using a shared selector for servlet write/read
03-Sep-2021 16:53:09.850 INFOS [main] org.apache.coyote.AbstractProtocol.init Initializing ProtocolHandler ["ajp-nio-8009"]
03-Sep-2021 16:53:09.855 INFOS [main] org.apache.tomcat.util.net.NioSelectorPool.getSharedSelector Using a shared selector for servlet write/read
03-Sep-2021 16:53:09.858 INFOS [main] org.apache.catalina.startup.Catalina.load Initialization processed in 1286 ms
03-Sep-2021 16:53:09.905 INFOS [main] org.apache.catalina.core.StandardService.startInternal Démarrage du service [Catalina]
03-Sep-2021 16:53:09.905 INFOS [main] org.apache.catalina.core.StandardEngine.startInternal Starting Servlet Engine: Apache Tomcat/9.0.13
03-Sep-2021 16:53:09.921 INFOS [main] org.apache.catalina.startup.HostConfig.deployDirectory Déploiement du répertoire [C:\Users\ghass\OneDrive\Bureau\OneRelease\openxava-6.2.1\tomcat\webapps\OneRelease] de l'application web
03-Sep-2021 16:53:18.311 AVERTISSEMENT [main] org.apache.tomcat.dbcp.dbcp2.BasicDataSourceFactory.getObjectInstance Name = JerseyDS Property maxActive is not used in DBCP2, use maxTotal instead. maxTotal default value is 8. You have set value of "20" for "maxActive" property, which is being ignored.
03-Sep-2021 16:53:18.311 AVERTISSEMENT [main] org.apache.tomcat.dbcp.dbcp2.BasicDataSourceFactory.getObjectInstance Name = JerseyDS Property maxWait is not used in DBCP2 , use maxWaitMillis instead. maxWaitMillis default value is -1. You have set value of "10000" for "maxWait" property, which is being ignored.
03-Sep-2021 16:53:18.327 AVERTISSEMENT [main] org.apache.tomcat.dbcp.dbcp2.BasicDataSourceFactory.getObjectInstance Name = OpenXavaTestDS Property maxActive is not used in DBCP2, use maxTotal instead. maxTotal default value is 8. You have set value of "20" for "maxActive" property, which is being ignored.
03-Sep-2021 16:53:18.327 AVERTISSEMENT [main] org.apache.tomcat.dbcp.dbcp2.BasicDataSourceFactory.getObjectInstance Name = OpenXavaTestDS Property maxWait is not used in DBCP2 , use maxWaitMillis instead. maxWaitMillis default value is -1. You have set value of "10000" for "maxWait" property, which is being ignored.
03-Sep-2021 16:53:18.327 AVERTISSEMENT [main] org.apache.tomcat.dbcp.dbcp2.BasicDataSourceFactory.getObjectInstance Name = MySchoolDS Property maxActive is not used in DBCP2, use maxTotal instead. maxTotal default value is 8. You have set value of "20" for "maxActive" property, which is being ignored.
03-Sep-2021 16:53:18.327 AVERTISSEMENT [main] org.apache.tomcat.dbcp.dbcp2.BasicDataSourceFactory.getObjectInstance Name = MySchoolDS Property maxWait is not used in DBCP2 , use maxWaitMillis instead. maxWaitMillis default value is -1. You have set value of "10000" for "maxWait" property, which is being ignored.
03-Sep-2021 16:53:18.327 AVERTISSEMENT [main] org.apache.tomcat.dbcp.dbcp2.BasicDataSourceFactory.getObjectInstance Name = OneReleaseDS Property maxActive is not used in DBCP2, use maxTotal instead. maxTotal default value is 8. You have set value of "20" for "maxActive" property, which is being ignored.
03-Sep-2021 16:53:18.327 AVERTISSEMENT [main] org.apache.tomcat.dbcp.dbcp2.BasicDataSourceFactory.getObjectInstance Name = OneReleaseDS Property maxWait is not used in DBCP2 , use maxWaitMillis instead. maxWaitMillis default value is -1. You have set value of "10000" for "maxWait" property, which is being ignored.
03-Sep-2021 16:53:18.342 AVERTISSEMENT [main] org.apache.tomcat.dbcp.dbcp2.BasicDataSourceFactory.getObjectInstance Name = InvoiceDemoDS Property maxActive is not used in DBCP2, use maxTotal instead. maxTotal default value is 8. You have set value of "20" for "maxActive" property, which is being ignored.
03-Sep-2021 16:53:18.342 AVERTISSEMENT [main] org.apache.tomcat.dbcp.dbcp2.BasicDataSourceFactory.getObjectInstance Name = InvoiceDemoDS Property maxWait is not used in DBCP2 , use maxWaitMillis instead. maxWaitMillis default value is -1. You have set value of "10000" for "maxWait" property, which is being ignored.
03-Sep-2021 16:53:18.813 INFOS [main] org.apache.jasper.servlet.TldScanner.scanJars At least one JAR was scanned for TLDs yet contained no TLDs. Enable debug logging for this logger for a complete list of JARs that were scanned but no TLDs were found in them. Skipping unneeded JARs during scanning can improve startup time and JSP compilation time.
03-Sep-2021 16:53:19.437 INFOS [main] com.sun.jersey.api.core.PackagesResourceConfig.init Scanning for root resource and provider classes in the packages:
  org.webservice
03-Sep-2021 16:53:19.484 INFOS [main] com.sun.jersey.api.core.ScanningResourceConfig.logClasses Root resource classes found:
  class org.webservice.EndPoint
03-Sep-2021 16:53:19.484 INFOS [main] com.sun.jersey.api.core.ScanningResourceConfig.init No provider classes found.
03-Sep-2021 16:53:19.768 INFOS [main] com.sun.jersey.server.impl.application.WebApplicationImpl._initiate Initiating Jersey application, version 'Jersey: 1.8-ea03 06/10/2011 03:17 PM'
03-Sep-2021 16:53:21.680 AVERTISSEMENT [main] com.sun.jersey.spi.inject.Errors.processErrorMessages The following warnings have been detected with resource and/or provider classes:
  WARNING: A HTTP GET method, public javax.ws.rs.core.Response org.webservice.EndPoint.verifyRESTService(java.io.InputStream), should not consume any entity.
03-Sep-2021 16:53:22.391 INFOS [main] org.apache.catalina.startup.HostConfig.deployDirectory Deployment of web application directory [C:\Users\ghass\OneDrive\Bureau\OneRelease\openxava-6.2.1\tomcat\webapps\OneRelease] has finished in [12 470] ms
03-Sep-2021 16:53:22.391 INFOS [main] org.apache.coyote.AbstractProtocol.start Starting ProtocolHandler ["http-nio-8080"]
03-Sep-2021 16:53:22.406 INFOS [main] org.apache.coyote.AbstractProtocol.start Starting ProtocolHandler ["ajp-nio-8009"]
03-Sep-2021 16:53:22.406 INFOS [main] org.apache.catalina.startup.Catalina.start Server startup in 12560 ms
03-Sep-2021 16:56:53.275 INFOS [ContainerBackgroundProcessor[StandardEngine[Catalina]]] org.apache.catalina.startup.HostConfig.undeploy Repli (undeploy) de l'application web ayant pour chemin de contexte [/OneRelease]
03-Sep-2021 16:56:53.409 GRAVE [ContainerBackgroundProcessor[StandardEngine[Catalina]]] org.apache.catalina.loader.WebappClassLoaderBase.checkThreadLocalMapForLeaks The web application [OneRelease] created a ThreadLocal with key of type [java.lang.ThreadLocal] (value [java.lang.ThreadLocal@2c4fd8c3]) and a value of type [org.openxava.util.EmailNotifications.ModuleInfo] (value [org.openxava.util.EmailNotifications$ModuleInfo@3dbf6a21]) but failed to remove it when the web application was stopped. Threads are going to be renewed over time to try and avoid a probable memory leak.
03-Sep-2021 16:56:53.410 GRAVE [ContainerBackgroundProcessor[StandardEngine[Catalina]]] org.apache.catalina.loader.WebappClassLoaderBase.checkThreadLocalMapForLeaks The web application [OneRelease] created a ThreadLocal with key of type [java.lang.ThreadLocal] (value [java.lang.ThreadLocal@2c4fd8c3]) and a value of type [org.openxava.util.EmailNotifications.ModuleInfo] (value [org.openxava.util.EmailNotifications$ModuleInfo@69c3a4b0]) but failed to remove it when the web application was stopped. Threads are going to be renewed over time to try and avoid a probable memory leak.
03-Sep-2021 16:56:53.410 GRAVE [ContainerBackgroundProcessor[StandardEngine[Catalina]]] org.apache.catalina.loader.WebappClassLoaderBase.checkThreadLocalMapForLeaks The web application [OneRelease] created a ThreadLocal with key of type [java.lang.ThreadLocal] (value [java.lang.ThreadLocal@2c4fd8c3]) and a value of type [org.openxava.util.EmailNotifications.ModuleInfo] (value [org.openxava.util.EmailNotifications$ModuleInfo@71d86114]) but failed to remove it when the web application was stopped. Threads are going to be renewed over time to try and avoid a probable memory leak.
03-Sep-2021 16:56:53.411 GRAVE [ContainerBackgroundProcessor[StandardEngine[Catalina]]] org.apache.catalina.loader.WebappClassLoaderBase.checkThreadLocalMapForLeaks The web application [OneRelease] created a ThreadLocal with key of type [java.lang.ThreadLocal] (value [java.lang.ThreadLocal@2c4fd8c3]) and a value of type [org.openxava.util.EmailNotifications.ModuleInfo] (value [org.openxava.util.EmailNotifications$ModuleInfo@2303362c]) but failed to remove it when the web application was stopped. Threads are going to be renewed over time to try and avoid a probable memory leak.
03-Sep-2021 16:56:53.412 GRAVE [ContainerBackgroundProcessor[StandardEngine[Catalina]]] org.apache.catalina.loader.WebappClassLoaderBase.checkThreadLocalMapForLeaks The web application [OneRelease] created a ThreadLocal with key of type [java.lang.ThreadLocal] (value [java.lang.ThreadLocal@2c4fd8c3]) and a value of type [org.openxava.util.EmailNotifications.ModuleInfo] (value [org.openxava.util.EmailNotifications$ModuleInfo@23db73dc]) but failed to remove it when the web application was stopped. Threads are going to be renewed over time to try and avoid a probable memory leak.
03-Sep-2021 16:56:53.413 GRAVE [ContainerBackgroundProcessor[StandardEngine[Catalina]]] org.apache.catalina.loader.WebappClassLoaderBase.checkThreadLocalMapForLeaks The web application [OneRelease] created a ThreadLocal with key of type [java.lang.ThreadLocal] (value [java.lang.ThreadLocal@2c4fd8c3]) and a value of type [org.openxava.util.EmailNotifications.ModuleInfo] (value [org.openxava.util.EmailNotifications$ModuleInfo@19d383dd]) but failed to remove it when the web application was stopped. Threads are going to be renewed over time to try and avoid a probable memory leak.
03-Sep-2021 16:56:53.414 GRAVE [ContainerBackgroundProcessor[StandardEngine[Catalina]]] org.apache.catalina.loader.WebappClassLoaderBase.checkThreadLocalMapForLeaks The web application [OneRelease] created a ThreadLocal with key of type [java.lang.ThreadLocal] (value [java.lang.ThreadLocal@2c4fd8c3]) and a value of type [org.openxava.util.EmailNotifications.ModuleInfo] (value [org.openxava.util.EmailNotifications$ModuleInfo@21b08d3e]) but failed to remove it when the web application was stopped. Threads are going to be renewed over time to try and avoid a probable memory leak.
03-Sep-2021 16:56:53.414 GRAVE [ContainerBackgroundProcessor[StandardEngine[Catalina]]] org.apache.catalina.loader.WebappClassLoaderBase.checkThreadLocalMapForLeaks The web application [OneRelease] created a ThreadLocal with key of type [java.lang.ThreadLocal] (value [java.lang.ThreadLocal@2c4fd8c3]) and a value of type [org.openxava.util.EmailNotifications.ModuleInfo] (value [org.openxava.util.EmailNotifications$ModuleInfo@7b522126]) but failed to remove it when the web application was stopped. Threads are going to be renewed over time to try and avoid a probable memory leak.
03-Sep-2021 16:56:53.415 GRAVE [ContainerBackgroundProcessor[StandardEngine[Catalina]]] org.apache.catalina.loader.WebappClassLoaderBase.checkThreadLocalMapForLeaks The web application [OneRelease] created a ThreadLocal with key of type [java.lang.ThreadLocal] (value [java.lang.ThreadLocal@2c4fd8c3]) and a value of type [org.openxava.util.EmailNotifications.ModuleInfo] (value [org.openxava.util.EmailNotifications$ModuleInfo@36fe803]) but failed to remove it when the web application was stopped. Threads are going to be renewed over time to try and avoid a probable memory leak.
03-Sep-2021 16:56:53.416 GRAVE [ContainerBackgroundProcessor[StandardEngine[Catalina]]] org.apache.catalina.loader.WebappClassLoaderBase.checkThreadLocalMapForLeaks The web application [OneRelease] created a ThreadLocal with key of type [java.lang.ThreadLocal] (value [java.lang.ThreadLocal@2c4fd8c3]) and a value of type [org.openxava.util.EmailNotifications.ModuleInfo] (value [org.openxava.util.EmailNotifications$ModuleInfo@6275ed8]) but failed to remove it when the web application was stopped. Threads are going to be renewed over time to try and avoid a probable memory leak.
03-Sep-2021 16:56:53.416 GRAVE [ContainerBackgroundProcessor[StandardEngine[Catalina]]] org.apache.catalina.loader.WebappClassLoaderBase.checkThreadLocalMapForLeaks The web application [OneRelease] created a ThreadLocal with key of type [java.lang.ThreadLocal] (value [java.lang.ThreadLocal@23dbfa5f]) and a value of type [org.openxava.util.UserInfo] (value [org.openxava.util.UserInfo@49eab413]) but failed to remove it when the web application was stopped. Threads are going to be renewed over time to try and avoid a probable memory leak.
03-Sep-2021 16:56:53.473 INFOS [ContainerBackgroundProcessor[StandardEngine[Catalina]]] org.apache.catalina.startup.HostConfig.deployDirectory Déploiement du répertoire [C:\Users\ghass\OneDrive\Bureau\OneRelease\openxava-6.2.1\tomcat\webapps\OneRelease] de l'application web
03-Sep-2021 16:56:56.012 INFOS [ContainerBackgroundProcessor[StandardEngine[Catalina]]] org.apache.jasper.servlet.TldScanner.scanJars At least one JAR was scanned for TLDs yet contained no TLDs. Enable debug logging for this logger for a complete list of JARs that were scanned but no TLDs were found in them. Skipping unneeded JARs during scanning can improve startup time and JSP compilation time.
03-Sep-2021 16:56:56.048 INFOS [ContainerBackgroundProcessor[StandardEngine[Catalina]]] org.apache.catalina.startup.HostConfig.deployDirectory Deployment of web application directory [C:\Users\ghass\OneDrive\Bureau\OneRelease\openxava-6.2.1\tomcat\webapps\OneRelease] has finished in [2 574] ms
03-Sep-2021 16:57:06.052 INFOS [ContainerBackgroundProcessor[StandardEngine[Catalina]]] org.apache.catalina.startup.HostConfig.reload Reloading context [/OneRelease]
03-Sep-2021 16:57:06.053 INFOS [ContainerBackgroundProcessor[StandardEngine[Catalina]]] org.apache.catalina.core.StandardContext.reload Le rechargement du contexte [/OneRelease] a démarré
03-Sep-2021 16:57:14.450 INFOS [ContainerBackgroundProcessor[StandardEngine[Catalina]]] org.apache.jasper.servlet.TldScanner.scanJars At least one JAR was scanned for TLDs yet contained no TLDs. Enable debug logging for this logger for a complete list of JARs that were scanned but no TLDs were found in them. Skipping unneeded JARs during scanning can improve startup time and JSP compilation time.
03-Sep-2021 16:57:14.895 INFOS [ContainerBackgroundProcessor[StandardEngine[Catalina]]] com.sun.jersey.api.core.PackagesResourceConfig.init Scanning for root resource and provider classes in the packages:
  org.webservice
03-Sep-2021 16:57:14.962 INFOS [ContainerBackgroundProcessor[StandardEngine[Catalina]]] com.sun.jersey.api.core.ScanningResourceConfig.logClasses Root resource classes found:
  class org.webservice.EndPoint
03-Sep-2021 16:57:14.962 INFOS [ContainerBackgroundProcessor[StandardEngine[Catalina]]] com.sun.jersey.api.core.ScanningResourceConfig.init No provider classes found.
03-Sep-2021 16:57:15.216 INFOS [ContainerBackgroundProcessor[StandardEngine[Catalina]]] com.sun.jersey.server.impl.application.WebApplicationImpl._initiate Initiating Jersey application, version 'Jersey: 1.8-ea03 06/10/2011 03:17 PM'
03-Sep-2021 16:57:17.290 AVERTISSEMENT [ContainerBackgroundProcessor[StandardEngine[Catalina]]] com.sun.jersey.spi.inject.Errors.processErrorMessages The following warnings have been detected with resource and/or provider classes:
  WARNING: A HTTP GET method, public javax.ws.rs.core.Response org.webservice.EndPoint.verifyRESTService(java.io.InputStream), should not consume any entity.
03-Sep-2021 16:57:17.782 INFOS [ContainerBackgroundProcessor[StandardEngine[Catalina]]] org.apache.catalina.core.StandardContext.reload Le rechargement de ce contexte est terminé
03-Sep-2021 23:18:05.495 INFOS [Thread-5] org.apache.coyote.AbstractProtocol.pause Pausing ProtocolHandler ["http-nio-8080"]
03-Sep-2021 23:18:05.785 INFOS [Thread-5] org.apache.coyote.AbstractProtocol.pause Pausing ProtocolHandler ["ajp-nio-8009"]
03-Sep-2021 23:18:06.035 INFOS [Thread-5] org.apache.catalina.core.StandardService.stopInternal Arrêt du service [Catalina]
03-Sep-2021 23:18:06.077 GRAVE [Thread-5] org.apache.catalina.loader.WebappClassLoaderBase.checkThreadLocalMapForLeaks The web application [OneRelease] created a ThreadLocal with key of type [java.lang.ThreadLocal] (value [java.lang.ThreadLocal@51f3b6a3]) and a value of type [org.openxava.util.EmailNotifications.ModuleInfo] (value [org.openxava.util.EmailNotifications$ModuleInfo@66991ec8]) but failed to remove it when the web application was stopped. Threads are going to be renewed over time to try and avoid a probable memory leak.
03-Sep-2021 23:18:06.078 GRAVE [Thread-5] org.apache.catalina.loader.WebappClassLoaderBase.checkThreadLocalMapForLeaks The web application [OneRelease] created a ThreadLocal with key of type [java.lang.ThreadLocal] (value [java.lang.ThreadLocal@51f3b6a3]) and a value of type [org.openxava.util.EmailNotifications.ModuleInfo] (value [org.openxava.util.EmailNotifications$ModuleInfo@1e21d468]) but failed to remove it when the web application was stopped. Threads are going to be renewed over time to try and avoid a probable memory leak.
03-Sep-2021 23:18:06.079 GRAVE [Thread-5] org.apache.catalina.loader.WebappClassLoaderBase.checkThreadLocalMapForLeaks The web application [OneRelease] created a ThreadLocal with key of type [java.lang.ThreadLocal] (value [java.lang.ThreadLocal@51f3b6a3]) and a value of type [org.openxava.util.EmailNotifications.ModuleInfo] (value [org.openxava.util.EmailNotifications$ModuleInfo@1a6b9907]) but failed to remove it when the web application was stopped. Threads are going to be renewed over time to try and avoid a probable memory leak.
03-Sep-2021 23:18:06.079 GRAVE [Thread-5] org.apache.catalina.loader.WebappClassLoaderBase.checkThreadLocalMapForLeaks The web application [OneRelease] created a ThreadLocal with key of type [java.lang.ThreadLocal] (value [java.lang.ThreadLocal@51f3b6a3]) and a value of type [org.openxava.util.EmailNotifications.ModuleInfo] (value [org.openxava.util.EmailNotifications$ModuleInfo@56616247]) but failed to remove it when the web application was stopped. Threads are going to be renewed over time to try and avoid a probable memory leak.
03-Sep-2021 23:18:06.079 GRAVE [Thread-5] org.apache.catalina.loader.WebappClassLoaderBase.checkThreadLocalMapForLeaks The web application [OneRelease] created a ThreadLocal with key of type [java.lang.ThreadLocal] (value [java.lang.ThreadLocal@7820491d]) and a value of type [org.openxava.util.UserInfo] (value [org.openxava.util.UserInfo@68b240e5]) but failed to remove it when the web application was stopped. Threads are going to be renewed over time to try and avoid a probable memory leak.
03-Sep-2021 23:18:06.080 GRAVE [Thread-5] org.apache.catalina.loader.WebappClassLoaderBase.checkThreadLocalMapForLeaks The web application [OneRelease] created a ThreadLocal with key of type [java.lang.ThreadLocal] (value [java.lang.ThreadLocal@51f3b6a3]) and a value of type [org.openxava.util.EmailNotifications.ModuleInfo] (value [org.openxava.util.EmailNotifications$ModuleInfo@2ed75f55]) but failed to remove it when the web application was stopped. Threads are going to be renewed over time to try and avoid a probable memory leak.
03-Sep-2021 23:18:06.080 GRAVE [Thread-5] org.apache.catalina.loader.WebappClassLoaderBase.checkThreadLocalMapForLeaks The web application [OneRelease] created a ThreadLocal with key of type [java.lang.ThreadLocal] (value [java.lang.ThreadLocal@7820491d]) and a value of type [org.openxava.util.UserInfo] (value [org.openxava.util.UserInfo@73797392]) but failed to remove it when the web application was stopped. Threads are going to be renewed over time to try and avoid a probable memory leak.
03-Sep-2021 23:18:06.080 GRAVE [Thread-5] org.apache.catalina.loader.WebappClassLoaderBase.checkThreadLocalMapForLeaks The web application [OneRelease] created a ThreadLocal with key of type [java.lang.ThreadLocal] (value [java.lang.ThreadLocal@51f3b6a3]) and a value of type [org.openxava.util.EmailNotifications.ModuleInfo] (value [org.openxava.util.EmailNotifications$ModuleInfo@9eba441]) but failed to remove it when the web application was stopped. Threads are going to be renewed over time to try and avoid a probable memory leak.
03-Sep-2021 23:18:06.081 GRAVE [Thread-5] org.apache.catalina.loader.WebappClassLoaderBase.checkThreadLocalMapForLeaks The web application [OneRelease] created a ThreadLocal with key of type [java.lang.ThreadLocal] (value [java.lang.ThreadLocal@51f3b6a3]) and a value of type [org.openxava.util.EmailNotifications.ModuleInfo] (value [org.openxava.util.EmailNotifications$ModuleInfo@732478f1]) but failed to remove it when the web application was stopped. Threads are going to be renewed over time to try and avoid a probable memory leak.
03-Sep-2021 23:18:06.081 GRAVE [Thread-5] org.apache.catalina.loader.WebappClassLoaderBase.checkThreadLocalMapForLeaks The web application [OneRelease] created a ThreadLocal with key of type [java.lang.ThreadLocal] (value [java.lang.ThreadLocal@7820491d]) and a value of type [org.openxava.util.UserInfo] (value [org.openxava.util.UserInfo@679dac37]) but failed to remove it when the web application was stopped. Threads are going to be renewed over time to try and avoid a probable memory leak.
03-Sep-2021 23:18:06.081 GRAVE [Thread-5] org.apache.catalina.loader.WebappClassLoaderBase.checkThreadLocalMapForLeaks The web application [OneRelease] created a ThreadLocal with key of type [java.lang.ThreadLocal] (value [java.lang.ThreadLocal@51f3b6a3]) and a value of type [org.openxava.util.EmailNotifications.ModuleInfo] (value [org.openxava.util.EmailNotifications$ModuleInfo@5f40b6b5]) but failed to remove it when the web application was stopped. Threads are going to be renewed over time to try and avoid a probable memory leak.
03-Sep-2021 23:18:06.089 INFOS [Thread-5] org.apache.coyote.AbstractProtocol.stop Stopping ProtocolHandler ["http-nio-8080"]
03-Sep-2021 23:18:06.091 INFOS [Thread-5] org.apache.coyote.AbstractProtocol.stop Stopping ProtocolHandler ["ajp-nio-8009"]
03-Sep-2021 23:18:06.097 INFOS [Thread-5] org.apache.coyote.AbstractProtocol.destroy Destroying ProtocolHandler ["http-nio-8080"]
03-Sep-2021 23:18:06.098 INFOS [Thread-5] org.apache.coyote.AbstractProtocol.destroy Destroying ProtocolHandler ["ajp-nio-8009"]
