06-Sep-2021 23:30:06.841 INFOS [ContainerBackgroundProcessor[StandardEngine[Catalina]]] org.apache.catalina.startup.HostConfig.undeploy Repli (undeploy) de l'application web ayant pour chemin de contexte [/OneRelease]
06-Sep-2021 23:30:06.873 GRAVE [ContainerBackgroundProcessor[StandardEngine[Catalina]]] org.apache.catalina.session.StandardManager.stopInternal Exception au déchargement des sessions vers le stockage persistant (persistent storage)
 java.lang.IllegalStateException: java.io.FileNotFoundException: C:\Users\ghass\OneDrive\Bureau\OneRelease\openxava-6.2.1\tomcat\webapps\OneRelease\WEB-INF\lib\activation-1.1.jar (Le fichier spécifié est introuvable)
	at org.apache.catalina.webresources.AbstractSingleArchiveResourceSet.getArchiveEntry(AbstractSingleArchiveResourceSet.java:101)
	at org.apache.catalina.webresources.AbstractArchiveResourceSet.getResource(AbstractArchiveResourceSet.java:256)
	at org.apache.catalina.webresources.StandardRoot.getResourceInternal(StandardRoot.java:281)
	at org.apache.catalina.webresources.Cache.getResource(Cache.java:62)
	at org.apache.catalina.webresources.StandardRoot.getResource(StandardRoot.java:216)
	at org.apache.catalina.webresources.StandardRoot.getClassLoaderResource(StandardRoot.java:225)
	at org.apache.catalina.loader.WebappClassLoaderBase.findClassInternal(WebappClassLoaderBase.java:2260)
	at org.apache.catalina.loader.WebappClassLoaderBase.findClass(WebappClassLoaderBase.java:834)
	at org.apache.catalina.loader.WebappClassLoaderBase.loadClass(WebappClassLoaderBase.java:1297)
	at org.apache.catalina.loader.WebappClassLoaderBase.loadClass(WebappClassLoaderBase.java:1157)
	at java.lang.Class.getDeclaredMethods0(Native Method)
	at java.lang.Class.privateGetDeclaredMethods(Class.java:2701)
	at java.lang.Class.getDeclaredMethod(Class.java:2128)
	at java.io.ObjectStreamClass.getPrivateMethod(ObjectStreamClass.java:1629)
	at java.io.ObjectStreamClass.access$1700(ObjectStreamClass.java:79)
	at java.io.ObjectStreamClass$3.run(ObjectStreamClass.java:520)
	at java.io.ObjectStreamClass$3.run(ObjectStreamClass.java:494)
	at java.security.AccessController.doPrivileged(Native Method)
	at java.io.ObjectStreamClass.<init>(ObjectStreamClass.java:494)
	at java.io.ObjectStreamClass.lookup(ObjectStreamClass.java:391)
	at java.io.ObjectOutputStream.writeObject0(ObjectOutputStream.java:1134)
	at java.io.ObjectOutputStream.defaultWriteFields(ObjectOutputStream.java:1548)
	at java.io.ObjectOutputStream.writeSerialData(ObjectOutputStream.java:1509)
	at java.io.ObjectOutputStream.writeOrdinaryObject(ObjectOutputStream.java:1432)
	at java.io.ObjectOutputStream.writeObject0(ObjectOutputStream.java:1178)
	at java.io.ObjectOutputStream.writeObject(ObjectOutputStream.java:348)
	at org.apache.catalina.session.StandardSession.doWriteObject(StandardSession.java:1667)
	at org.apache.catalina.session.StandardSession.writeObjectData(StandardSession.java:1065)
	at org.apache.catalina.session.StandardManager.doUnload(StandardManager.java:315)
	at org.apache.catalina.session.StandardManager.unload(StandardManager.java:267)
	at org.apache.catalina.session.StandardManager.stopInternal(StandardManager.java:382)
	at org.apache.catalina.util.LifecycleBase.stop(LifecycleBase.java:257)
	at org.apache.catalina.core.StandardContext.stopInternal(StandardContext.java:5327)
	at org.apache.catalina.util.LifecycleBase.stop(LifecycleBase.java:257)
	at org.apache.catalina.core.ContainerBase.removeChild(ContainerBase.java:834)
	at org.apache.catalina.startup.HostConfig.undeploy(HostConfig.java:1434)
	at org.apache.catalina.startup.HostConfig.checkResources(HostConfig.java:1360)
	at org.apache.catalina.startup.HostConfig.check(HostConfig.java:1620)
	at org.apache.catalina.startup.HostConfig.lifecycleEvent(HostConfig.java:304)
	at org.apache.catalina.util.LifecycleBase.fireLifecycleEvent(LifecycleBase.java:123)
	at org.apache.catalina.core.ContainerBase.backgroundProcess(ContainerBase.java:1179)
	at org.apache.catalina.core.ContainerBase$ContainerBackgroundProcessor.processChildren(ContainerBase.java:1401)
	at org.apache.catalina.core.ContainerBase$ContainerBackgroundProcessor.processChildren(ContainerBase.java:1405)
	at org.apache.catalina.core.ContainerBase$ContainerBackgroundProcessor.run(ContainerBase.java:1373)
	at java.lang.Thread.run(Thread.java:748)
Caused by: java.io.FileNotFoundException: C:\Users\ghass\OneDrive\Bureau\OneRelease\openxava-6.2.1\tomcat\webapps\OneRelease\WEB-INF\lib\activation-1.1.jar (Le fichier spécifié est introuvable)
	at java.util.zip.ZipFile.open(Native Method)
	at java.util.zip.ZipFile.<init>(ZipFile.java:225)
	at java.util.zip.ZipFile.<init>(ZipFile.java:155)
	at java.util.jar.JarFile.<init>(JarFile.java:166)
	at java.util.jar.JarFile.<init>(JarFile.java:130)
	at org.apache.tomcat.util.compat.JreCompat.jarFileNewInstance(JreCompat.java:164)
	at org.apache.tomcat.util.compat.JreCompat.jarFileNewInstance(JreCompat.java:149)
	at org.apache.catalina.webresources.AbstractArchiveResourceSet.openJarFile(AbstractArchiveResourceSet.java:307)
	at org.apache.catalina.webresources.AbstractSingleArchiveResourceSet.getArchiveEntry(AbstractSingleArchiveResourceSet.java:97)
	... 44 more

06-Sep-2021 23:30:06.889 GRAVE [ContainerBackgroundProcessor[StandardEngine[Catalina]]] org.apache.catalina.loader.WebappClassLoaderBase.checkThreadLocalMapForLeaks The web application [OneRelease] created a ThreadLocal with key of type [java.lang.ThreadLocal] (value [java.lang.ThreadLocal@61fc1614]) and a value of type [org.openxava.util.EmailNotifications.ModuleInfo] (value [org.openxava.util.EmailNotifications$ModuleInfo@6673aa8a]) but failed to remove it when the web application was stopped. Threads are going to be renewed over time to try and avoid a probable memory leak.
06-Sep-2021 23:30:06.889 GRAVE [ContainerBackgroundProcessor[StandardEngine[Catalina]]] org.apache.catalina.loader.WebappClassLoaderBase.checkThreadLocalMapForLeaks The web application [OneRelease] created a ThreadLocal with key of type [java.lang.ThreadLocal] (value [java.lang.ThreadLocal@61fc1614]) and a value of type [org.openxava.util.EmailNotifications.ModuleInfo] (value [org.openxava.util.EmailNotifications$ModuleInfo@56c1211b]) but failed to remove it when the web application was stopped. Threads are going to be renewed over time to try and avoid a probable memory leak.
06-Sep-2021 23:30:06.889 GRAVE [ContainerBackgroundProcessor[StandardEngine[Catalina]]] org.apache.catalina.loader.WebappClassLoaderBase.checkThreadLocalMapForLeaks The web application [OneRelease] created a ThreadLocal with key of type [java.lang.ThreadLocal] (value [java.lang.ThreadLocal@61fc1614]) and a value of type [org.openxava.util.EmailNotifications.ModuleInfo] (value [org.openxava.util.EmailNotifications$ModuleInfo@70d5b544]) but failed to remove it when the web application was stopped. Threads are going to be renewed over time to try and avoid a probable memory leak.
06-Sep-2021 23:30:06.889 GRAVE [ContainerBackgroundProcessor[StandardEngine[Catalina]]] org.apache.catalina.loader.WebappClassLoaderBase.checkThreadLocalMapForLeaks The web application [OneRelease] created a ThreadLocal with key of type [java.lang.ThreadLocal] (value [java.lang.ThreadLocal@61fc1614]) and a value of type [org.openxava.util.EmailNotifications.ModuleInfo] (value [org.openxava.util.EmailNotifications$ModuleInfo@711841fc]) but failed to remove it when the web application was stopped. Threads are going to be renewed over time to try and avoid a probable memory leak.
06-Sep-2021 23:30:06.897 GRAVE [ContainerBackgroundProcessor[StandardEngine[Catalina]]] org.apache.catalina.loader.WebappClassLoaderBase.checkThreadLocalMapForLeaks The web application [OneRelease] created a ThreadLocal with key of type [java.lang.ThreadLocal] (value [java.lang.ThreadLocal@61fc1614]) and a value of type [org.openxava.util.EmailNotifications.ModuleInfo] (value [org.openxava.util.EmailNotifications$ModuleInfo@ac482af]) but failed to remove it when the web application was stopped. Threads are going to be renewed over time to try and avoid a probable memory leak.
06-Sep-2021 23:30:06.897 GRAVE [ContainerBackgroundProcessor[StandardEngine[Catalina]]] org.apache.catalina.loader.WebappClassLoaderBase.checkThreadLocalMapForLeaks The web application [OneRelease] created a ThreadLocal with key of type [java.lang.ThreadLocal] (value [java.lang.ThreadLocal@61fc1614]) and a value of type [org.openxava.util.EmailNotifications.ModuleInfo] (value [org.openxava.util.EmailNotifications$ModuleInfo@5552b315]) but failed to remove it when the web application was stopped. Threads are going to be renewed over time to try and avoid a probable memory leak.
06-Sep-2021 23:30:06.905 GRAVE [ContainerBackgroundProcessor[StandardEngine[Catalina]]] org.apache.catalina.loader.WebappClassLoaderBase.checkThreadLocalMapForLeaks The web application [OneRelease] created a ThreadLocal with key of type [java.lang.ThreadLocal] (value [java.lang.ThreadLocal@61fc1614]) and a value of type [org.openxava.util.EmailNotifications.ModuleInfo] (value [org.openxava.util.EmailNotifications$ModuleInfo@8f0536e]) but failed to remove it when the web application was stopped. Threads are going to be renewed over time to try and avoid a probable memory leak.
06-Sep-2021 23:30:06.905 GRAVE [ContainerBackgroundProcessor[StandardEngine[Catalina]]] org.apache.catalina.loader.WebappClassLoaderBase.checkThreadLocalMapForLeaks The web application [OneRelease] created a ThreadLocal with key of type [java.lang.ThreadLocal] (value [java.lang.ThreadLocal@61fc1614]) and a value of type [org.openxava.util.EmailNotifications.ModuleInfo] (value [org.openxava.util.EmailNotifications$ModuleInfo@3bd4f42d]) but failed to remove it when the web application was stopped. Threads are going to be renewed over time to try and avoid a probable memory leak.
06-Sep-2021 23:30:06.913 GRAVE [ContainerBackgroundProcessor[StandardEngine[Catalina]]] org.apache.catalina.loader.WebappClassLoaderBase.checkThreadLocalMapForLeaks The web application [OneRelease] created a ThreadLocal with key of type [java.lang.ThreadLocal] (value [java.lang.ThreadLocal@61fc1614]) and a value of type [org.openxava.util.EmailNotifications.ModuleInfo] (value [org.openxava.util.EmailNotifications$ModuleInfo@152bc802]) but failed to remove it when the web application was stopped. Threads are going to be renewed over time to try and avoid a probable memory leak.
06-Sep-2021 23:30:06.969 INFOS [ContainerBackgroundProcessor[StandardEngine[Catalina]]] org.apache.catalina.startup.HostConfig.deployDirectory Déploiement du répertoire [C:\Users\ghass\OneDrive\Bureau\OneRelease\openxava-6.2.1\tomcat\webapps\OneRelease] de l'application web
06-Sep-2021 23:30:09.585 INFOS [ContainerBackgroundProcessor[StandardEngine[Catalina]]] org.apache.jasper.servlet.TldScanner.scanJars At least one JAR was scanned for TLDs yet contained no TLDs. Enable debug logging for this logger for a complete list of JARs that were scanned but no TLDs were found in them. Skipping unneeded JARs during scanning can improve startup time and JSP compilation time.
06-Sep-2021 23:30:09.593 INFOS [ContainerBackgroundProcessor[StandardEngine[Catalina]]] org.apache.catalina.startup.HostConfig.deployDirectory Deployment of web application directory [C:\Users\ghass\OneDrive\Bureau\OneRelease\openxava-6.2.1\tomcat\webapps\OneRelease] has finished in [2 624] ms
06-Sep-2021 23:30:19.603 INFOS [ContainerBackgroundProcessor[StandardEngine[Catalina]]] org.apache.catalina.startup.HostConfig.undeploy Repli (undeploy) de l'application web ayant pour chemin de contexte [/OneRelease]
06-Sep-2021 23:30:20.107 INFOS [ContainerBackgroundProcessor[StandardEngine[Catalina]]] org.apache.catalina.startup.HostConfig.deployDirectory Déploiement du répertoire [C:\Users\ghass\OneDrive\Bureau\OneRelease\openxava-6.2.1\tomcat\webapps\OneRelease] de l'application web
06-Sep-2021 23:30:31.000 INFOS [ContainerBackgroundProcessor[StandardEngine[Catalina]]] org.apache.jasper.servlet.TldScanner.scanJars At least one JAR was scanned for TLDs yet contained no TLDs. Enable debug logging for this logger for a complete list of JARs that were scanned but no TLDs were found in them. Skipping unneeded JARs during scanning can improve startup time and JSP compilation time.
06-Sep-2021 23:30:31.623 INFOS [ContainerBackgroundProcessor[StandardEngine[Catalina]]] com.sun.jersey.api.core.PackagesResourceConfig.init Scanning for root resource and provider classes in the packages:
  org.webservice
06-Sep-2021 23:30:31.686 INFOS [ContainerBackgroundProcessor[StandardEngine[Catalina]]] com.sun.jersey.api.core.ScanningResourceConfig.logClasses Root resource classes found:
  class org.webservice.EndPoint
06-Sep-2021 23:30:31.686 INFOS [ContainerBackgroundProcessor[StandardEngine[Catalina]]] com.sun.jersey.api.core.ScanningResourceConfig.init No provider classes found.
06-Sep-2021 23:30:31.889 INFOS [ContainerBackgroundProcessor[StandardEngine[Catalina]]] com.sun.jersey.server.impl.application.WebApplicationImpl._initiate Initiating Jersey application, version 'Jersey: 1.8-ea03 06/10/2011 03:17 PM'
06-Sep-2021 23:30:34.247 AVERTISSEMENT [ContainerBackgroundProcessor[StandardEngine[Catalina]]] com.sun.jersey.spi.inject.Errors.processErrorMessages The following warnings have been detected with resource and/or provider classes:
  WARNING: A HTTP GET method, public javax.ws.rs.core.Response org.webservice.EndPoint.verifyRESTService(java.io.InputStream), should not consume any entity.
06-Sep-2021 23:30:34.707 INFOS [ContainerBackgroundProcessor[StandardEngine[Catalina]]] org.apache.catalina.startup.HostConfig.deployDirectory Deployment of web application directory [C:\Users\ghass\OneDrive\Bureau\OneRelease\openxava-6.2.1\tomcat\webapps\OneRelease] has finished in [14 600] ms
06-Sep-2021 23:32:55.353 INFOS [ContainerBackgroundProcessor[StandardEngine[Catalina]]] org.apache.catalina.startup.HostConfig.reload Reloading context [/OneRelease]
06-Sep-2021 23:32:55.353 INFOS [ContainerBackgroundProcessor[StandardEngine[Catalina]]] org.apache.catalina.core.StandardContext.reload Le rechargement du contexte [/OneRelease] a démarré
06-Sep-2021 23:32:55.393 GRAVE [ContainerBackgroundProcessor[StandardEngine[Catalina]]] org.apache.catalina.session.StandardManager.stopInternal Exception au déchargement des sessions vers le stockage persistant (persistent storage)
 java.lang.IllegalStateException: java.io.FileNotFoundException: C:\Users\ghass\OneDrive\Bureau\OneRelease\openxava-6.2.1\tomcat\webapps\OneRelease\WEB-INF\lib\activation-1.1.jar (Le chemin d’accès spécifié est introuvable)
	at org.apache.catalina.webresources.AbstractSingleArchiveResourceSet.getArchiveEntry(AbstractSingleArchiveResourceSet.java:101)
	at org.apache.catalina.webresources.AbstractArchiveResourceSet.getResource(AbstractArchiveResourceSet.java:256)
	at org.apache.catalina.webresources.StandardRoot.getResourceInternal(StandardRoot.java:281)
	at org.apache.catalina.webresources.Cache.getResource(Cache.java:62)
	at org.apache.catalina.webresources.StandardRoot.getResource(StandardRoot.java:216)
	at org.apache.catalina.webresources.StandardRoot.getClassLoaderResource(StandardRoot.java:225)
	at org.apache.catalina.loader.WebappClassLoaderBase.findClassInternal(WebappClassLoaderBase.java:2260)
	at org.apache.catalina.loader.WebappClassLoaderBase.findClass(WebappClassLoaderBase.java:834)
	at org.apache.catalina.loader.WebappClassLoaderBase.loadClass(WebappClassLoaderBase.java:1297)
	at org.apache.catalina.loader.WebappClassLoaderBase.loadClass(WebappClassLoaderBase.java:1157)
	at java.lang.Class.getDeclaredMethods0(Native Method)
	at java.lang.Class.privateGetDeclaredMethods(Class.java:2701)
	at java.lang.Class.getDeclaredMethod(Class.java:2128)
	at java.io.ObjectStreamClass.getPrivateMethod(ObjectStreamClass.java:1629)
	at java.io.ObjectStreamClass.access$1700(ObjectStreamClass.java:79)
	at java.io.ObjectStreamClass$3.run(ObjectStreamClass.java:520)
	at java.io.ObjectStreamClass$3.run(ObjectStreamClass.java:494)
	at java.security.AccessController.doPrivileged(Native Method)
	at java.io.ObjectStreamClass.<init>(ObjectStreamClass.java:494)
	at java.io.ObjectStreamClass.lookup(ObjectStreamClass.java:391)
	at java.io.ObjectOutputStream.writeObject0(ObjectOutputStream.java:1134)
	at java.io.ObjectOutputStream.defaultWriteFields(ObjectOutputStream.java:1548)
	at java.io.ObjectOutputStream.writeSerialData(ObjectOutputStream.java:1509)
	at java.io.ObjectOutputStream.writeOrdinaryObject(ObjectOutputStream.java:1432)
	at java.io.ObjectOutputStream.writeObject0(ObjectOutputStream.java:1178)
	at java.io.ObjectOutputStream.writeObject(ObjectOutputStream.java:348)
	at org.apache.catalina.session.StandardSession.doWriteObject(StandardSession.java:1667)
	at org.apache.catalina.session.StandardSession.writeObjectData(StandardSession.java:1065)
	at org.apache.catalina.session.StandardManager.doUnload(StandardManager.java:315)
	at org.apache.catalina.session.StandardManager.unload(StandardManager.java:267)
	at org.apache.catalina.session.StandardManager.stopInternal(StandardManager.java:382)
	at org.apache.catalina.util.LifecycleBase.stop(LifecycleBase.java:257)
	at org.apache.catalina.core.StandardContext.stopInternal(StandardContext.java:5327)
	at org.apache.catalina.util.LifecycleBase.stop(LifecycleBase.java:257)
	at org.apache.catalina.core.StandardContext.reload(StandardContext.java:3709)
	at org.apache.catalina.startup.HostConfig.reload(HostConfig.java:1411)
	at org.apache.catalina.startup.HostConfig.checkResources(HostConfig.java:1384)
	at org.apache.catalina.startup.HostConfig.check(HostConfig.java:1620)
	at org.apache.catalina.startup.HostConfig.lifecycleEvent(HostConfig.java:304)
	at org.apache.catalina.util.LifecycleBase.fireLifecycleEvent(LifecycleBase.java:123)
	at org.apache.catalina.core.ContainerBase.backgroundProcess(ContainerBase.java:1179)
	at org.apache.catalina.core.ContainerBase$ContainerBackgroundProcessor.processChildren(ContainerBase.java:1401)
	at org.apache.catalina.core.ContainerBase$ContainerBackgroundProcessor.processChildren(ContainerBase.java:1405)
	at org.apache.catalina.core.ContainerBase$ContainerBackgroundProcessor.run(ContainerBase.java:1373)
	at java.lang.Thread.run(Thread.java:748)
Caused by: java.io.FileNotFoundException: C:\Users\ghass\OneDrive\Bureau\OneRelease\openxava-6.2.1\tomcat\webapps\OneRelease\WEB-INF\lib\activation-1.1.jar (Le chemin d’accès spécifié est introuvable)
	at java.util.zip.ZipFile.open(Native Method)
	at java.util.zip.ZipFile.<init>(ZipFile.java:225)
	at java.util.zip.ZipFile.<init>(ZipFile.java:155)
	at java.util.jar.JarFile.<init>(JarFile.java:166)
	at java.util.jar.JarFile.<init>(JarFile.java:130)
	at org.apache.tomcat.util.compat.JreCompat.jarFileNewInstance(JreCompat.java:164)
	at org.apache.tomcat.util.compat.JreCompat.jarFileNewInstance(JreCompat.java:149)
	at org.apache.catalina.webresources.AbstractArchiveResourceSet.openJarFile(AbstractArchiveResourceSet.java:307)
	at org.apache.catalina.webresources.AbstractSingleArchiveResourceSet.getArchiveEntry(AbstractSingleArchiveResourceSet.java:97)
	... 44 more

06-Sep-2021 23:32:55.409 GRAVE [ContainerBackgroundProcessor[StandardEngine[Catalina]]] org.apache.catalina.loader.WebappClassLoaderBase.checkThreadLocalMapForLeaks The web application [OneRelease] created a ThreadLocal with key of type [java.lang.ThreadLocal] (value [java.lang.ThreadLocal@2d5c9851]) and a value of type [org.openxava.util.EmailNotifications.ModuleInfo] (value [org.openxava.util.EmailNotifications$ModuleInfo@ffb5708]) but failed to remove it when the web application was stopped. Threads are going to be renewed over time to try and avoid a probable memory leak.
06-Sep-2021 23:32:55.425 GRAVE [ContainerBackgroundProcessor[StandardEngine[Catalina]]] org.apache.catalina.loader.WebappClassLoaderBase.checkThreadLocalMapForLeaks The web application [OneRelease] created a ThreadLocal with key of type [java.lang.ThreadLocal] (value [java.lang.ThreadLocal@2d5c9851]) and a value of type [org.openxava.util.EmailNotifications.ModuleInfo] (value [org.openxava.util.EmailNotifications$ModuleInfo@61422085]) but failed to remove it when the web application was stopped. Threads are going to be renewed over time to try and avoid a probable memory leak.
06-Sep-2021 23:32:56.393 INFOS [ContainerBackgroundProcessor[StandardEngine[Catalina]]] org.apache.jasper.servlet.TldScanner.scanJars At least one JAR was scanned for TLDs yet contained no TLDs. Enable debug logging for this logger for a complete list of JARs that were scanned but no TLDs were found in them. Skipping unneeded JARs during scanning can improve startup time and JSP compilation time.
06-Sep-2021 23:32:56.441 INFOS [ContainerBackgroundProcessor[StandardEngine[Catalina]]] org.apache.catalina.core.StandardContext.reload Le rechargement de ce contexte est terminé
06-Sep-2021 23:33:06.443 INFOS [ContainerBackgroundProcessor[StandardEngine[Catalina]]] org.apache.catalina.startup.HostConfig.reload Reloading context [/OneRelease]
06-Sep-2021 23:33:06.443 INFOS [ContainerBackgroundProcessor[StandardEngine[Catalina]]] org.apache.catalina.core.StandardContext.reload Le rechargement du contexte [/OneRelease] a démarré
06-Sep-2021 23:33:19.034 INFOS [ContainerBackgroundProcessor[StandardEngine[Catalina]]] org.apache.jasper.servlet.TldScanner.scanJars At least one JAR was scanned for TLDs yet contained no TLDs. Enable debug logging for this logger for a complete list of JARs that were scanned but no TLDs were found in them. Skipping unneeded JARs during scanning can improve startup time and JSP compilation time.
06-Sep-2021 23:33:19.538 INFOS [ContainerBackgroundProcessor[StandardEngine[Catalina]]] com.sun.jersey.api.core.PackagesResourceConfig.init Scanning for root resource and provider classes in the packages:
  org.webservice
06-Sep-2021 23:33:19.626 INFOS [ContainerBackgroundProcessor[StandardEngine[Catalina]]] com.sun.jersey.api.core.ScanningResourceConfig.logClasses Root resource classes found:
  class org.webservice.EndPoint
06-Sep-2021 23:33:19.626 INFOS [ContainerBackgroundProcessor[StandardEngine[Catalina]]] com.sun.jersey.api.core.ScanningResourceConfig.init No provider classes found.
06-Sep-2021 23:33:19.994 INFOS [ContainerBackgroundProcessor[StandardEngine[Catalina]]] com.sun.jersey.server.impl.application.WebApplicationImpl._initiate Initiating Jersey application, version 'Jersey: 1.8-ea03 06/10/2011 03:17 PM'
06-Sep-2021 23:33:22.274 AVERTISSEMENT [ContainerBackgroundProcessor[StandardEngine[Catalina]]] com.sun.jersey.spi.inject.Errors.processErrorMessages The following warnings have been detected with resource and/or provider classes:
  WARNING: A HTTP GET method, public javax.ws.rs.core.Response org.webservice.EndPoint.verifyRESTService(java.io.InputStream), should not consume any entity.
06-Sep-2021 23:33:22.714 INFOS [ContainerBackgroundProcessor[StandardEngine[Catalina]]] org.apache.catalina.core.StandardContext.reload Le rechargement de ce contexte est terminé
