20-Oct-2021 19:06:43.653 AVERTISSEMENT [main] org.apache.catalina.startup.SetAllPropertiesRule.begin [SetAllPropertiesRule]{Server/Service/Connector} Setting property 'resolveHosts' to 'true' did not find a matching property.
20-Oct-2021 19:06:43.821 INFOS [main] org.apache.catalina.startup.VersionLoggerListener.log Server version:        Apache Tomcat/9.0.13
20-Oct-2021 19:06:43.821 INFOS [main] org.apache.catalina.startup.VersionLoggerListener.log Server built:          Nov 2 2018 14:27:55 UTC
20-Oct-2021 19:06:43.821 INFOS [main] org.apache.catalina.startup.VersionLoggerListener.log Server number:         9.0.13.0
20-Oct-2021 19:06:43.821 INFOS [main] org.apache.catalina.startup.VersionLoggerListener.log OS Name:               Windows 10
20-Oct-2021 19:06:43.821 INFOS [main] org.apache.catalina.startup.VersionLoggerListener.log OS Version:            10.0
20-Oct-2021 19:06:43.821 INFOS [main] org.apache.catalina.startup.VersionLoggerListener.log Architecture:          amd64
20-Oct-2021 19:06:43.821 INFOS [main] org.apache.catalina.startup.VersionLoggerListener.log Java Home:             C:\Program Files\Java\jdk1.8.0_221\jre
20-Oct-2021 19:06:43.829 INFOS [main] org.apache.catalina.startup.VersionLoggerListener.log JVM Version:           1.8.0_221-b11
20-Oct-2021 19:06:43.829 INFOS [main] org.apache.catalina.startup.VersionLoggerListener.log JVM Vendor:            Oracle Corporation
20-Oct-2021 19:06:43.829 INFOS [main] org.apache.catalina.startup.VersionLoggerListener.log CATALINA_BASE:         C:\Users\ghass\OneDrive\Bureau\OneRelease\openxava-6.2.1\tomcat
20-Oct-2021 19:06:43.837 INFOS [main] org.apache.catalina.startup.VersionLoggerListener.log CATALINA_HOME:         C:\Users\ghass\OneDrive\Bureau\OneRelease\openxava-6.2.1\tomcat
20-Oct-2021 19:06:43.837 INFOS [main] org.apache.catalina.startup.VersionLoggerListener.log Command line argument: -Djava.util.logging.config.file=C:\Users\ghass\OneDrive\Bureau\OneRelease\openxava-6.2.1\tomcat\conf\logging.properties
20-Oct-2021 19:06:43.837 INFOS [main] org.apache.catalina.startup.VersionLoggerListener.log Command line argument: -Djava.util.logging.manager=org.apache.juli.ClassLoaderLogManager
20-Oct-2021 19:06:43.837 INFOS [main] org.apache.catalina.startup.VersionLoggerListener.log Command line argument: -Djdk.tls.ephemeralDHKeySize=2048
20-Oct-2021 19:06:43.837 INFOS [main] org.apache.catalina.startup.VersionLoggerListener.log Command line argument: -Djava.protocol.handler.pkgs=org.apache.catalina.webresources
20-Oct-2021 19:06:43.837 INFOS [main] org.apache.catalina.startup.VersionLoggerListener.log Command line argument: -agentlib:jdwp=transport=dt_socket,address=localhost:8000,server=y,suspend=n
20-Oct-2021 19:06:43.837 INFOS [main] org.apache.catalina.startup.VersionLoggerListener.log Command line argument: -Dignore.endorsed.dirs=
20-Oct-2021 19:06:43.837 INFOS [main] org.apache.catalina.startup.VersionLoggerListener.log Command line argument: -Dcatalina.base=C:\Users\ghass\OneDrive\Bureau\OneRelease\openxava-6.2.1\tomcat
20-Oct-2021 19:06:43.845 INFOS [main] org.apache.catalina.startup.VersionLoggerListener.log Command line argument: -Dcatalina.home=C:\Users\ghass\OneDrive\Bureau\OneRelease\openxava-6.2.1\tomcat
20-Oct-2021 19:06:43.845 INFOS [main] org.apache.catalina.startup.VersionLoggerListener.log Command line argument: -Djava.io.tmpdir=C:\Users\ghass\OneDrive\Bureau\OneRelease\openxava-6.2.1\tomcat\temp
20-Oct-2021 19:06:43.853 INFOS [main] org.apache.catalina.core.AprLifecycleListener.lifecycleEvent The APR based Apache Tomcat Native library which allows optimal performance in production environments was not found on the java.library.path: [C:\Program Files\Java\jdk1.8.0_221\bin;C:\WINDOWS\Sun\Java\bin;C:\WINDOWS\system32;C:\WINDOWS;C:\oraclexe\app\oracle\product\11.2.0\server\bin;;C:\Python39\Scripts\;C:\Python39\;C:\oraclexe\app\oracle\product\11.2.0\server\bin;C:\WINDOWS\system32;C:\WINDOWS;C:\WINDOWS\System32\Wbem;C:\WINDOWS\System32\WindowsPowerShell\v1.0\;C:\WINDOWS\System32\OpenSSH\;C:\Program Files\Git\cmd;C:\oraclexe\app\oracle\product\11.2.0\server\rdbms\admin;C:\Program Files\nodejs\;C:\ProgramData\chocolatey\bin;C:\Users\ghass\AppData\Local\Microsoft\WindowsApps;C:\Program Files\Java\jdk1.8.0_221\bin;C:\Program Files\apache-maven-3.6.2\bin;C:\cygwin64\bin;C:\Users\ghass\OneDrive\Bureau\OneRelease\openxava-6.2.1\tomcat\bin;C:\Users\ghass\OneDrive\Bureau\ghassene\eclipse-jee-oxygen-R-win_64(complete)\eclipse-jee-oxygen-R-win32-x86_64\eclipse\plugins\org.apache.ant_1.10.1.v20170504-0840\bin;C:\Program Files\JetBrains\IntelliJ IDEA 2020.3.2\bin;C:\Users\ghass\AppData\Local\Programs\IPFS Desktop\resources\app.asar.unpacked\src\ipfs-on-path\scripts\bin-win;C:\Users\ghass\AppData\Roaming\npm;C:\Users\ghass\OneDrive\Bureau\IF4\sem2\PFA\IPFS;C:\Python27;;.]
20-Oct-2021 19:06:44.397 INFOS [main] org.apache.coyote.AbstractProtocol.init Initializing ProtocolHandler ["http-nio-8080"]
20-Oct-2021 19:06:45.197 INFOS [main] org.apache.tomcat.util.net.NioSelectorPool.getSharedSelector Using a shared selector for servlet write/read
20-Oct-2021 19:06:45.229 INFOS [main] org.apache.coyote.AbstractProtocol.init Initializing ProtocolHandler ["ajp-nio-8009"]
20-Oct-2021 19:06:45.229 INFOS [main] org.apache.tomcat.util.net.NioSelectorPool.getSharedSelector Using a shared selector for servlet write/read
20-Oct-2021 19:06:45.237 INFOS [main] org.apache.catalina.startup.Catalina.load Initialization processed in 2855 ms
20-Oct-2021 19:06:45.333 INFOS [main] org.apache.catalina.core.StandardService.startInternal Démarrage du service [Catalina]
20-Oct-2021 19:06:45.341 INFOS [main] org.apache.catalina.core.StandardEngine.startInternal Starting Servlet Engine: Apache Tomcat/9.0.13
20-Oct-2021 19:06:45.365 INFOS [main] org.apache.catalina.startup.HostConfig.deployDirectory Déploiement du répertoire [C:\Users\ghass\OneDrive\Bureau\OneRelease\openxava-6.2.1\tomcat\webapps\OneRelease] de l'application web
20-Oct-2021 19:06:58.607 AVERTISSEMENT [main] org.apache.tomcat.dbcp.dbcp2.BasicDataSourceFactory.getObjectInstance Name = JerseyDS Property maxActive is not used in DBCP2, use maxTotal instead. maxTotal default value is 8. You have set value of "20" for "maxActive" property, which is being ignored.
20-Oct-2021 19:06:58.607 AVERTISSEMENT [main] org.apache.tomcat.dbcp.dbcp2.BasicDataSourceFactory.getObjectInstance Name = JerseyDS Property maxWait is not used in DBCP2 , use maxWaitMillis instead. maxWaitMillis default value is -1. You have set value of "10000" for "maxWait" property, which is being ignored.
20-Oct-2021 19:06:58.631 AVERTISSEMENT [main] org.apache.tomcat.dbcp.dbcp2.BasicDataSourceFactory.getObjectInstance Name = OpenXavaTestDS Property maxActive is not used in DBCP2, use maxTotal instead. maxTotal default value is 8. You have set value of "20" for "maxActive" property, which is being ignored.
20-Oct-2021 19:06:58.631 AVERTISSEMENT [main] org.apache.tomcat.dbcp.dbcp2.BasicDataSourceFactory.getObjectInstance Name = OpenXavaTestDS Property maxWait is not used in DBCP2 , use maxWaitMillis instead. maxWaitMillis default value is -1. You have set value of "10000" for "maxWait" property, which is being ignored.
20-Oct-2021 19:06:58.631 AVERTISSEMENT [main] org.apache.tomcat.dbcp.dbcp2.BasicDataSourceFactory.getObjectInstance Name = MySchoolDS Property maxActive is not used in DBCP2, use maxTotal instead. maxTotal default value is 8. You have set value of "20" for "maxActive" property, which is being ignored.
20-Oct-2021 19:06:58.631 AVERTISSEMENT [main] org.apache.tomcat.dbcp.dbcp2.BasicDataSourceFactory.getObjectInstance Name = MySchoolDS Property maxWait is not used in DBCP2 , use maxWaitMillis instead. maxWaitMillis default value is -1. You have set value of "10000" for "maxWait" property, which is being ignored.
20-Oct-2021 19:06:58.631 AVERTISSEMENT [main] org.apache.tomcat.dbcp.dbcp2.BasicDataSourceFactory.getObjectInstance Name = OneReleaseDS Property maxActive is not used in DBCP2, use maxTotal instead. maxTotal default value is 8. You have set value of "20" for "maxActive" property, which is being ignored.
20-Oct-2021 19:06:58.631 AVERTISSEMENT [main] org.apache.tomcat.dbcp.dbcp2.BasicDataSourceFactory.getObjectInstance Name = OneReleaseDS Property maxWait is not used in DBCP2 , use maxWaitMillis instead. maxWaitMillis default value is -1. You have set value of "10000" for "maxWait" property, which is being ignored.
20-Oct-2021 19:06:58.631 AVERTISSEMENT [main] org.apache.tomcat.dbcp.dbcp2.BasicDataSourceFactory.getObjectInstance Name = InvoiceDemoDS Property maxActive is not used in DBCP2, use maxTotal instead. maxTotal default value is 8. You have set value of "20" for "maxActive" property, which is being ignored.
20-Oct-2021 19:06:58.631 AVERTISSEMENT [main] org.apache.tomcat.dbcp.dbcp2.BasicDataSourceFactory.getObjectInstance Name = InvoiceDemoDS Property maxWait is not used in DBCP2 , use maxWaitMillis instead. maxWaitMillis default value is -1. You have set value of "10000" for "maxWait" property, which is being ignored.
20-Oct-2021 19:06:59.071 INFOS [main] org.apache.jasper.servlet.TldScanner.scanJars At least one JAR was scanned for TLDs yet contained no TLDs. Enable debug logging for this logger for a complete list of JARs that were scanned but no TLDs were found in them. Skipping unneeded JARs during scanning can improve startup time and JSP compilation time.
20-Oct-2021 19:06:59.667 INFOS [main] com.sun.jersey.api.core.PackagesResourceConfig.init Scanning for root resource and provider classes in the packages:
  org.webservice
20-Oct-2021 19:06:59.739 INFOS [main] com.sun.jersey.api.core.ScanningResourceConfig.logClasses Root resource classes found:
  class org.webservice.EndPoint
20-Oct-2021 19:06:59.739 INFOS [main] com.sun.jersey.api.core.ScanningResourceConfig.init No provider classes found.
20-Oct-2021 19:07:00.019 INFOS [main] com.sun.jersey.server.impl.application.WebApplicationImpl._initiate Initiating Jersey application, version 'Jersey: 1.8-ea03 06/10/2011 03:17 PM'
20-Oct-2021 19:07:02.289 AVERTISSEMENT [main] com.sun.jersey.spi.inject.Errors.processErrorMessages The following warnings have been detected with resource and/or provider classes:
  WARNING: A HTTP GET method, public javax.ws.rs.core.Response org.webservice.EndPoint.verifyRESTService(java.io.InputStream), should not consume any entity.
20-Oct-2021 19:07:02.889 INFOS [main] org.apache.catalina.startup.HostConfig.deployDirectory Deployment of web application directory [C:\Users\ghass\OneDrive\Bureau\OneRelease\openxava-6.2.1\tomcat\webapps\OneRelease] has finished in [17 524] ms
20-Oct-2021 19:07:02.897 INFOS [main] org.apache.coyote.AbstractProtocol.start Starting ProtocolHandler ["http-nio-8080"]
20-Oct-2021 19:07:02.921 INFOS [main] org.apache.coyote.AbstractProtocol.start Starting ProtocolHandler ["ajp-nio-8009"]
20-Oct-2021 19:07:02.929 INFOS [main] org.apache.catalina.startup.Catalina.start Server startup in 17691 ms
20-Oct-2021 19:21:18.724 INFOS [Thread-5] org.apache.coyote.AbstractProtocol.pause Pausing ProtocolHandler ["http-nio-8080"]
20-Oct-2021 19:21:19.279 INFOS [Thread-5] org.apache.coyote.AbstractProtocol.pause Pausing ProtocolHandler ["ajp-nio-8009"]
20-Oct-2021 19:21:19.819 INFOS [Thread-5] org.apache.catalina.core.StandardService.stopInternal Arrêt du service [Catalina]
20-Oct-2021 19:21:20.291 GRAVE [Thread-5] org.apache.catalina.loader.WebappClassLoaderBase.checkThreadLocalMapForLeaks The web application [OneRelease] created a ThreadLocal with key of type [java.lang.ThreadLocal] (value [java.lang.ThreadLocal@5debb5c2]) and a value of type [org.openxava.util.EmailNotifications.ModuleInfo] (value [org.openxava.util.EmailNotifications$ModuleInfo@13f8de78]) but failed to remove it when the web application was stopped. Threads are going to be renewed over time to try and avoid a probable memory leak.
20-Oct-2021 19:21:20.299 GRAVE [Thread-5] org.apache.catalina.loader.WebappClassLoaderBase.checkThreadLocalMapForLeaks The web application [OneRelease] created a ThreadLocal with key of type [java.lang.ThreadLocal] (value [java.lang.ThreadLocal@5debb5c2]) and a value of type [org.openxava.util.EmailNotifications.ModuleInfo] (value [org.openxava.util.EmailNotifications$ModuleInfo@5b073ec1]) but failed to remove it when the web application was stopped. Threads are going to be renewed over time to try and avoid a probable memory leak.
20-Oct-2021 19:21:20.299 GRAVE [Thread-5] org.apache.catalina.loader.WebappClassLoaderBase.checkThreadLocalMapForLeaks The web application [OneRelease] created a ThreadLocal with key of type [java.lang.ThreadLocal] (value [java.lang.ThreadLocal@5debb5c2]) and a value of type [org.openxava.util.EmailNotifications.ModuleInfo] (value [org.openxava.util.EmailNotifications$ModuleInfo@65892f2e]) but failed to remove it when the web application was stopped. Threads are going to be renewed over time to try and avoid a probable memory leak.
20-Oct-2021 19:21:20.299 GRAVE [Thread-5] org.apache.catalina.loader.WebappClassLoaderBase.checkThreadLocalMapForLeaks The web application [OneRelease] created a ThreadLocal with key of type [java.lang.ThreadLocal] (value [java.lang.ThreadLocal@5debb5c2]) and a value of type [org.openxava.util.EmailNotifications.ModuleInfo] (value [org.openxava.util.EmailNotifications$ModuleInfo@3321c346]) but failed to remove it when the web application was stopped. Threads are going to be renewed over time to try and avoid a probable memory leak.
20-Oct-2021 19:21:20.331 INFOS [Thread-5] org.apache.coyote.AbstractProtocol.stop Stopping ProtocolHandler ["http-nio-8080"]
20-Oct-2021 19:21:20.331 INFOS [Thread-5] org.apache.coyote.AbstractProtocol.stop Stopping ProtocolHandler ["ajp-nio-8009"]
20-Oct-2021 19:21:20.339 INFOS [Thread-5] org.apache.coyote.AbstractProtocol.destroy Destroying ProtocolHandler ["http-nio-8080"]
20-Oct-2021 19:21:20.339 INFOS [Thread-5] org.apache.coyote.AbstractProtocol.destroy Destroying ProtocolHandler ["ajp-nio-8009"]
20-Oct-2021 19:52:03.718 AVERTISSEMENT [main] org.apache.catalina.startup.SetAllPropertiesRule.begin [SetAllPropertiesRule]{Server/Service/Connector} Setting property 'resolveHosts' to 'true' did not find a matching property.
20-Oct-2021 19:52:03.834 INFOS [main] org.apache.catalina.startup.VersionLoggerListener.log Server version:        Apache Tomcat/9.0.13
20-Oct-2021 19:52:03.834 INFOS [main] org.apache.catalina.startup.VersionLoggerListener.log Server built:          Nov 2 2018 14:27:55 UTC
20-Oct-2021 19:52:03.834 INFOS [main] org.apache.catalina.startup.VersionLoggerListener.log Server number:         9.0.13.0
20-Oct-2021 19:52:03.834 INFOS [main] org.apache.catalina.startup.VersionLoggerListener.log OS Name:               Windows 10
20-Oct-2021 19:52:03.834 INFOS [main] org.apache.catalina.startup.VersionLoggerListener.log OS Version:            10.0
20-Oct-2021 19:52:03.834 INFOS [main] org.apache.catalina.startup.VersionLoggerListener.log Architecture:          amd64
20-Oct-2021 19:52:03.834 INFOS [main] org.apache.catalina.startup.VersionLoggerListener.log Java Home:             C:\Program Files\Java\jdk1.8.0_221\jre
20-Oct-2021 19:52:03.834 INFOS [main] org.apache.catalina.startup.VersionLoggerListener.log JVM Version:           1.8.0_221-b11
20-Oct-2021 19:52:03.834 INFOS [main] org.apache.catalina.startup.VersionLoggerListener.log JVM Vendor:            Oracle Corporation
20-Oct-2021 19:52:03.834 INFOS [main] org.apache.catalina.startup.VersionLoggerListener.log CATALINA_BASE:         C:\Users\ghass\OneDrive\Bureau\OneRelease\openxava-6.2.1\tomcat
20-Oct-2021 19:52:03.834 INFOS [main] org.apache.catalina.startup.VersionLoggerListener.log CATALINA_HOME:         C:\Users\ghass\OneDrive\Bureau\OneRelease\openxava-6.2.1\tomcat
20-Oct-2021 19:52:03.834 INFOS [main] org.apache.catalina.startup.VersionLoggerListener.log Command line argument: -Djava.util.logging.config.file=C:\Users\ghass\OneDrive\Bureau\OneRelease\openxava-6.2.1\tomcat\conf\logging.properties
20-Oct-2021 19:52:03.834 INFOS [main] org.apache.catalina.startup.VersionLoggerListener.log Command line argument: -Djava.util.logging.manager=org.apache.juli.ClassLoaderLogManager
20-Oct-2021 19:52:03.834 INFOS [main] org.apache.catalina.startup.VersionLoggerListener.log Command line argument: -Djdk.tls.ephemeralDHKeySize=2048
20-Oct-2021 19:52:03.834 INFOS [main] org.apache.catalina.startup.VersionLoggerListener.log Command line argument: -Djava.protocol.handler.pkgs=org.apache.catalina.webresources
20-Oct-2021 19:52:03.834 INFOS [main] org.apache.catalina.startup.VersionLoggerListener.log Command line argument: -agentlib:jdwp=transport=dt_socket,address=localhost:8000,server=y,suspend=n
20-Oct-2021 19:52:03.850 INFOS [main] org.apache.catalina.startup.VersionLoggerListener.log Command line argument: -Dignore.endorsed.dirs=
20-Oct-2021 19:52:03.850 INFOS [main] org.apache.catalina.startup.VersionLoggerListener.log Command line argument: -Dcatalina.base=C:\Users\ghass\OneDrive\Bureau\OneRelease\openxava-6.2.1\tomcat
20-Oct-2021 19:52:03.850 INFOS [main] org.apache.catalina.startup.VersionLoggerListener.log Command line argument: -Dcatalina.home=C:\Users\ghass\OneDrive\Bureau\OneRelease\openxava-6.2.1\tomcat
20-Oct-2021 19:52:03.850 INFOS [main] org.apache.catalina.startup.VersionLoggerListener.log Command line argument: -Djava.io.tmpdir=C:\Users\ghass\OneDrive\Bureau\OneRelease\openxava-6.2.1\tomcat\temp
20-Oct-2021 19:52:03.850 INFOS [main] org.apache.catalina.core.AprLifecycleListener.lifecycleEvent The APR based Apache Tomcat Native library which allows optimal performance in production environments was not found on the java.library.path: [C:\Program Files\Java\jdk1.8.0_221\bin;C:\WINDOWS\Sun\Java\bin;C:\WINDOWS\system32;C:\WINDOWS;C:\oraclexe\app\oracle\product\11.2.0\server\bin;;C:\Python39\Scripts\;C:\Python39\;C:\oraclexe\app\oracle\product\11.2.0\server\bin;C:\WINDOWS\system32;C:\WINDOWS;C:\WINDOWS\System32\Wbem;C:\WINDOWS\System32\WindowsPowerShell\v1.0\;C:\WINDOWS\System32\OpenSSH\;C:\Program Files\Git\cmd;C:\oraclexe\app\oracle\product\11.2.0\server\rdbms\admin;C:\Program Files\nodejs\;C:\ProgramData\chocolatey\bin;C:\Users\ghass\AppData\Local\Microsoft\WindowsApps;C:\Program Files\Java\jdk1.8.0_221\bin;C:\Program Files\apache-maven-3.6.2\bin;C:\cygwin64\bin;C:\Users\ghass\OneDrive\Bureau\OneRelease\openxava-6.2.1\tomcat\bin;C:\Users\ghass\OneDrive\Bureau\ghassene\eclipse-jee-oxygen-R-win_64(complete)\eclipse-jee-oxygen-R-win32-x86_64\eclipse\plugins\org.apache.ant_1.10.1.v20170504-0840\bin;C:\Program Files\JetBrains\IntelliJ IDEA 2020.3.2\bin;C:\Users\ghass\AppData\Local\Programs\IPFS Desktop\resources\app.asar.unpacked\src\ipfs-on-path\scripts\bin-win;C:\Users\ghass\AppData\Roaming\npm;C:\Users\ghass\OneDrive\Bureau\IF4\sem2\PFA\IPFS;C:\Python27;;.]
20-Oct-2021 19:52:04.257 INFOS [main] org.apache.coyote.AbstractProtocol.init Initializing ProtocolHandler ["http-nio-8080"]
20-Oct-2021 19:52:04.782 INFOS [main] org.apache.tomcat.util.net.NioSelectorPool.getSharedSelector Using a shared selector for servlet write/read
20-Oct-2021 19:52:04.797 INFOS [main] org.apache.coyote.AbstractProtocol.init Initializing ProtocolHandler ["ajp-nio-8009"]
20-Oct-2021 19:52:04.813 INFOS [main] org.apache.tomcat.util.net.NioSelectorPool.getSharedSelector Using a shared selector for servlet write/read
20-Oct-2021 19:52:04.813 INFOS [main] org.apache.catalina.startup.Catalina.load Initialization processed in 2038 ms
20-Oct-2021 19:52:04.898 INFOS [main] org.apache.catalina.core.StandardService.startInternal Démarrage du service [Catalina]
20-Oct-2021 19:52:04.898 INFOS [main] org.apache.catalina.core.StandardEngine.startInternal Starting Servlet Engine: Apache Tomcat/9.0.13
20-Oct-2021 19:52:04.929 INFOS [main] org.apache.catalina.startup.HostConfig.deployDirectory Déploiement du répertoire [C:\Users\ghass\OneDrive\Bureau\OneRelease\openxava-6.2.1\tomcat\webapps\OneRelease] de l'application web
20-Oct-2021 19:52:15.829 AVERTISSEMENT [main] org.apache.tomcat.dbcp.dbcp2.BasicDataSourceFactory.getObjectInstance Name = JerseyDS Property maxActive is not used in DBCP2, use maxTotal instead. maxTotal default value is 8. You have set value of "20" for "maxActive" property, which is being ignored.
20-Oct-2021 19:52:15.829 AVERTISSEMENT [main] org.apache.tomcat.dbcp.dbcp2.BasicDataSourceFactory.getObjectInstance Name = JerseyDS Property maxWait is not used in DBCP2 , use maxWaitMillis instead. maxWaitMillis default value is -1. You have set value of "10000" for "maxWait" property, which is being ignored.
20-Oct-2021 19:52:15.845 AVERTISSEMENT [main] org.apache.tomcat.dbcp.dbcp2.BasicDataSourceFactory.getObjectInstance Name = OpenXavaTestDS Property maxActive is not used in DBCP2, use maxTotal instead. maxTotal default value is 8. You have set value of "20" for "maxActive" property, which is being ignored.
20-Oct-2021 19:52:15.845 AVERTISSEMENT [main] org.apache.tomcat.dbcp.dbcp2.BasicDataSourceFactory.getObjectInstance Name = OpenXavaTestDS Property maxWait is not used in DBCP2 , use maxWaitMillis instead. maxWaitMillis default value is -1. You have set value of "10000" for "maxWait" property, which is being ignored.
20-Oct-2021 19:52:15.845 AVERTISSEMENT [main] org.apache.tomcat.dbcp.dbcp2.BasicDataSourceFactory.getObjectInstance Name = MySchoolDS Property maxActive is not used in DBCP2, use maxTotal instead. maxTotal default value is 8. You have set value of "20" for "maxActive" property, which is being ignored.
20-Oct-2021 19:52:15.860 AVERTISSEMENT [main] org.apache.tomcat.dbcp.dbcp2.BasicDataSourceFactory.getObjectInstance Name = MySchoolDS Property maxWait is not used in DBCP2 , use maxWaitMillis instead. maxWaitMillis default value is -1. You have set value of "10000" for "maxWait" property, which is being ignored.
20-Oct-2021 19:52:15.860 AVERTISSEMENT [main] org.apache.tomcat.dbcp.dbcp2.BasicDataSourceFactory.getObjectInstance Name = OneReleaseDS Property maxActive is not used in DBCP2, use maxTotal instead. maxTotal default value is 8. You have set value of "20" for "maxActive" property, which is being ignored.
20-Oct-2021 19:52:15.860 AVERTISSEMENT [main] org.apache.tomcat.dbcp.dbcp2.BasicDataSourceFactory.getObjectInstance Name = OneReleaseDS Property maxWait is not used in DBCP2 , use maxWaitMillis instead. maxWaitMillis default value is -1. You have set value of "10000" for "maxWait" property, which is being ignored.
20-Oct-2021 19:52:15.860 AVERTISSEMENT [main] org.apache.tomcat.dbcp.dbcp2.BasicDataSourceFactory.getObjectInstance Name = InvoiceDemoDS Property maxActive is not used in DBCP2, use maxTotal instead. maxTotal default value is 8. You have set value of "20" for "maxActive" property, which is being ignored.
20-Oct-2021 19:52:15.860 AVERTISSEMENT [main] org.apache.tomcat.dbcp.dbcp2.BasicDataSourceFactory.getObjectInstance Name = InvoiceDemoDS Property maxWait is not used in DBCP2 , use maxWaitMillis instead. maxWaitMillis default value is -1. You have set value of "10000" for "maxWait" property, which is being ignored.
20-Oct-2021 19:52:16.301 INFOS [main] org.apache.jasper.servlet.TldScanner.scanJars At least one JAR was scanned for TLDs yet contained no TLDs. Enable debug logging for this logger for a complete list of JARs that were scanned but no TLDs were found in them. Skipping unneeded JARs during scanning can improve startup time and JSP compilation time.
20-Oct-2021 19:52:17.612 INFOS [main] com.sun.jersey.api.core.PackagesResourceConfig.init Scanning for root resource and provider classes in the packages:
  org.webservice
20-Oct-2021 19:52:17.675 INFOS [main] com.sun.jersey.api.core.ScanningResourceConfig.logClasses Root resource classes found:
  class org.webservice.EndPoint
20-Oct-2021 19:52:17.675 INFOS [main] com.sun.jersey.api.core.ScanningResourceConfig.init No provider classes found.
20-Oct-2021 19:52:17.910 INFOS [main] com.sun.jersey.server.impl.application.WebApplicationImpl._initiate Initiating Jersey application, version 'Jersey: 1.8-ea03 06/10/2011 03:17 PM'
20-Oct-2021 19:52:20.043 AVERTISSEMENT [main] com.sun.jersey.spi.inject.Errors.processErrorMessages The following warnings have been detected with resource and/or provider classes:
  WARNING: A HTTP GET method, public javax.ws.rs.core.Response org.webservice.EndPoint.verifyRESTService(java.io.InputStream), should not consume any entity.
20-Oct-2021 19:52:20.760 INFOS [main] org.apache.catalina.startup.HostConfig.deployDirectory Deployment of web application directory [C:\Users\ghass\OneDrive\Bureau\OneRelease\openxava-6.2.1\tomcat\webapps\OneRelease] has finished in [15 831] ms
20-Oct-2021 19:52:20.768 INFOS [main] org.apache.coyote.AbstractProtocol.start Starting ProtocolHandler ["http-nio-8080"]
20-Oct-2021 19:52:20.784 INFOS [main] org.apache.coyote.AbstractProtocol.start Starting ProtocolHandler ["ajp-nio-8009"]
20-Oct-2021 19:52:20.800 INFOS [main] org.apache.catalina.startup.Catalina.start Server startup in 15982 ms
20-Oct-2021 20:02:49.292 INFOS [Thread-5] org.apache.coyote.AbstractProtocol.pause Pausing ProtocolHandler ["http-nio-8080"]
20-Oct-2021 20:02:49.901 INFOS [Thread-5] org.apache.coyote.AbstractProtocol.pause Pausing ProtocolHandler ["ajp-nio-8009"]
20-Oct-2021 20:02:50.411 INFOS [Thread-5] org.apache.catalina.core.StandardService.stopInternal Arrêt du service [Catalina]
20-Oct-2021 20:02:50.651 GRAVE [Thread-5] org.apache.catalina.loader.WebappClassLoaderBase.checkThreadLocalMapForLeaks The web application [OneRelease] created a ThreadLocal with key of type [java.lang.ThreadLocal] (value [java.lang.ThreadLocal@2854e691]) and a value of type [org.openxava.util.EmailNotifications.ModuleInfo] (value [org.openxava.util.EmailNotifications$ModuleInfo@38e6e299]) but failed to remove it when the web application was stopped. Threads are going to be renewed over time to try and avoid a probable memory leak.
20-Oct-2021 20:02:50.651 GRAVE [Thread-5] org.apache.catalina.loader.WebappClassLoaderBase.checkThreadLocalMapForLeaks The web application [OneRelease] created a ThreadLocal with key of type [java.lang.ThreadLocal] (value [java.lang.ThreadLocal@2854e691]) and a value of type [org.openxava.util.EmailNotifications.ModuleInfo] (value [org.openxava.util.EmailNotifications$ModuleInfo@45258933]) but failed to remove it when the web application was stopped. Threads are going to be renewed over time to try and avoid a probable memory leak.
20-Oct-2021 20:02:50.651 GRAVE [Thread-5] org.apache.catalina.loader.WebappClassLoaderBase.checkThreadLocalMapForLeaks The web application [OneRelease] created a ThreadLocal with key of type [java.lang.ThreadLocal] (value [java.lang.ThreadLocal@2854e691]) and a value of type [org.openxava.util.EmailNotifications.ModuleInfo] (value [org.openxava.util.EmailNotifications$ModuleInfo@15c732b2]) but failed to remove it when the web application was stopped. Threads are going to be renewed over time to try and avoid a probable memory leak.
20-Oct-2021 20:02:50.651 GRAVE [Thread-5] org.apache.catalina.loader.WebappClassLoaderBase.checkThreadLocalMapForLeaks The web application [OneRelease] created a ThreadLocal with key of type [java.lang.ThreadLocal] (value [java.lang.ThreadLocal@2854e691]) and a value of type [org.openxava.util.EmailNotifications.ModuleInfo] (value [org.openxava.util.EmailNotifications$ModuleInfo@751465e0]) but failed to remove it when the web application was stopped. Threads are going to be renewed over time to try and avoid a probable memory leak.
20-Oct-2021 20:02:50.651 GRAVE [Thread-5] org.apache.catalina.loader.WebappClassLoaderBase.checkThreadLocalMapForLeaks The web application [OneRelease] created a ThreadLocal with key of type [java.lang.ThreadLocal] (value [java.lang.ThreadLocal@2854e691]) and a value of type [org.openxava.util.EmailNotifications.ModuleInfo] (value [org.openxava.util.EmailNotifications$ModuleInfo@1535e604]) but failed to remove it when the web application was stopped. Threads are going to be renewed over time to try and avoid a probable memory leak.
20-Oct-2021 20:02:50.651 GRAVE [Thread-5] org.apache.catalina.loader.WebappClassLoaderBase.checkThreadLocalMapForLeaks The web application [OneRelease] created a ThreadLocal with key of type [java.lang.ThreadLocal] (value [java.lang.ThreadLocal@2854e691]) and a value of type [org.openxava.util.EmailNotifications.ModuleInfo] (value [org.openxava.util.EmailNotifications$ModuleInfo@623228a]) but failed to remove it when the web application was stopped. Threads are going to be renewed over time to try and avoid a probable memory leak.
20-Oct-2021 20:02:50.659 GRAVE [Thread-5] org.apache.catalina.loader.WebappClassLoaderBase.checkThreadLocalMapForLeaks The web application [OneRelease] created a ThreadLocal with key of type [java.lang.ThreadLocal] (value [java.lang.ThreadLocal@2854e691]) and a value of type [org.openxava.util.EmailNotifications.ModuleInfo] (value [org.openxava.util.EmailNotifications$ModuleInfo@3c9ce18c]) but failed to remove it when the web application was stopped. Threads are going to be renewed over time to try and avoid a probable memory leak.
20-Oct-2021 20:02:50.659 GRAVE [Thread-5] org.apache.catalina.loader.WebappClassLoaderBase.checkThreadLocalMapForLeaks The web application [OneRelease] created a ThreadLocal with key of type [java.lang.ThreadLocal] (value [java.lang.ThreadLocal@2854e691]) and a value of type [org.openxava.util.EmailNotifications.ModuleInfo] (value [org.openxava.util.EmailNotifications$ModuleInfo@44989306]) but failed to remove it when the web application was stopped. Threads are going to be renewed over time to try and avoid a probable memory leak.
20-Oct-2021 20:02:50.659 GRAVE [Thread-5] org.apache.catalina.loader.WebappClassLoaderBase.checkThreadLocalMapForLeaks The web application [OneRelease] created a ThreadLocal with key of type [java.lang.ThreadLocal] (value [java.lang.ThreadLocal@2854e691]) and a value of type [org.openxava.util.EmailNotifications.ModuleInfo] (value [org.openxava.util.EmailNotifications$ModuleInfo@67c5b355]) but failed to remove it when the web application was stopped. Threads are going to be renewed over time to try and avoid a probable memory leak.
20-Oct-2021 20:02:50.659 GRAVE [Thread-5] org.apache.catalina.loader.WebappClassLoaderBase.checkThreadLocalMapForLeaks The web application [OneRelease] created a ThreadLocal with key of type [java.lang.ThreadLocal] (value [java.lang.ThreadLocal@2854e691]) and a value of type [org.openxava.util.EmailNotifications.ModuleInfo] (value [org.openxava.util.EmailNotifications$ModuleInfo@78edea55]) but failed to remove it when the web application was stopped. Threads are going to be renewed over time to try and avoid a probable memory leak.
20-Oct-2021 20:02:50.675 INFOS [Thread-5] org.apache.coyote.AbstractProtocol.stop Stopping ProtocolHandler ["http-nio-8080"]
20-Oct-2021 20:02:50.675 INFOS [Thread-5] org.apache.coyote.AbstractProtocol.stop Stopping ProtocolHandler ["ajp-nio-8009"]
20-Oct-2021 20:02:50.683 INFOS [Thread-5] org.apache.coyote.AbstractProtocol.destroy Destroying ProtocolHandler ["http-nio-8080"]
20-Oct-2021 20:02:50.683 INFOS [Thread-5] org.apache.coyote.AbstractProtocol.destroy Destroying ProtocolHandler ["ajp-nio-8009"]
20-Oct-2021 20:13:17.242 AVERTISSEMENT [main] org.apache.catalina.startup.SetAllPropertiesRule.begin [SetAllPropertiesRule]{Server/Service/Connector} Setting property 'resolveHosts' to 'true' did not find a matching property.
20-Oct-2021 20:13:17.354 INFOS [main] org.apache.catalina.startup.VersionLoggerListener.log Server version:        Apache Tomcat/9.0.13
20-Oct-2021 20:13:17.354 INFOS [main] org.apache.catalina.startup.VersionLoggerListener.log Server built:          Nov 2 2018 14:27:55 UTC
20-Oct-2021 20:13:17.354 INFOS [main] org.apache.catalina.startup.VersionLoggerListener.log Server number:         9.0.13.0
20-Oct-2021 20:13:17.354 INFOS [main] org.apache.catalina.startup.VersionLoggerListener.log OS Name:               Windows 10
20-Oct-2021 20:13:17.354 INFOS [main] org.apache.catalina.startup.VersionLoggerListener.log OS Version:            10.0
20-Oct-2021 20:13:17.354 INFOS [main] org.apache.catalina.startup.VersionLoggerListener.log Architecture:          amd64
20-Oct-2021 20:13:17.354 INFOS [main] org.apache.catalina.startup.VersionLoggerListener.log Java Home:             C:\Program Files\Java\jdk1.8.0_221\jre
20-Oct-2021 20:13:17.354 INFOS [main] org.apache.catalina.startup.VersionLoggerListener.log JVM Version:           1.8.0_221-b11
20-Oct-2021 20:13:17.354 INFOS [main] org.apache.catalina.startup.VersionLoggerListener.log JVM Vendor:            Oracle Corporation
20-Oct-2021 20:13:17.354 INFOS [main] org.apache.catalina.startup.VersionLoggerListener.log CATALINA_BASE:         C:\Users\ghass\OneDrive\Bureau\OneRelease\openxava-6.2.1\tomcat
20-Oct-2021 20:13:17.362 INFOS [main] org.apache.catalina.startup.VersionLoggerListener.log CATALINA_HOME:         C:\Users\ghass\OneDrive\Bureau\OneRelease\openxava-6.2.1\tomcat
20-Oct-2021 20:13:17.362 INFOS [main] org.apache.catalina.startup.VersionLoggerListener.log Command line argument: -Djava.util.logging.config.file=C:\Users\ghass\OneDrive\Bureau\OneRelease\openxava-6.2.1\tomcat\conf\logging.properties
20-Oct-2021 20:13:17.370 INFOS [main] org.apache.catalina.startup.VersionLoggerListener.log Command line argument: -Djava.util.logging.manager=org.apache.juli.ClassLoaderLogManager
20-Oct-2021 20:13:17.370 INFOS [main] org.apache.catalina.startup.VersionLoggerListener.log Command line argument: -Djdk.tls.ephemeralDHKeySize=2048
20-Oct-2021 20:13:17.370 INFOS [main] org.apache.catalina.startup.VersionLoggerListener.log Command line argument: -Djava.protocol.handler.pkgs=org.apache.catalina.webresources
20-Oct-2021 20:13:17.370 INFOS [main] org.apache.catalina.startup.VersionLoggerListener.log Command line argument: -agentlib:jdwp=transport=dt_socket,address=localhost:8000,server=y,suspend=n
20-Oct-2021 20:13:17.370 INFOS [main] org.apache.catalina.startup.VersionLoggerListener.log Command line argument: -Dignore.endorsed.dirs=
20-Oct-2021 20:13:17.378 INFOS [main] org.apache.catalina.startup.VersionLoggerListener.log Command line argument: -Dcatalina.base=C:\Users\ghass\OneDrive\Bureau\OneRelease\openxava-6.2.1\tomcat
20-Oct-2021 20:13:17.386 INFOS [main] org.apache.catalina.startup.VersionLoggerListener.log Command line argument: -Dcatalina.home=C:\Users\ghass\OneDrive\Bureau\OneRelease\openxava-6.2.1\tomcat
20-Oct-2021 20:13:17.386 INFOS [main] org.apache.catalina.startup.VersionLoggerListener.log Command line argument: -Djava.io.tmpdir=C:\Users\ghass\OneDrive\Bureau\OneRelease\openxava-6.2.1\tomcat\temp
20-Oct-2021 20:13:17.386 INFOS [main] org.apache.catalina.core.AprLifecycleListener.lifecycleEvent The APR based Apache Tomcat Native library which allows optimal performance in production environments was not found on the java.library.path: [C:\Program Files\Java\jdk1.8.0_221\bin;C:\WINDOWS\Sun\Java\bin;C:\WINDOWS\system32;C:\WINDOWS;C:\oraclexe\app\oracle\product\11.2.0\server\bin;;C:\Python39\Scripts\;C:\Python39\;C:\oraclexe\app\oracle\product\11.2.0\server\bin;C:\WINDOWS\system32;C:\WINDOWS;C:\WINDOWS\System32\Wbem;C:\WINDOWS\System32\WindowsPowerShell\v1.0\;C:\WINDOWS\System32\OpenSSH\;C:\Program Files\Git\cmd;C:\oraclexe\app\oracle\product\11.2.0\server\rdbms\admin;C:\Program Files\nodejs\;C:\ProgramData\chocolatey\bin;C:\Users\ghass\AppData\Local\Microsoft\WindowsApps;C:\Program Files\Java\jdk1.8.0_221\bin;C:\Program Files\apache-maven-3.6.2\bin;C:\cygwin64\bin;C:\Users\ghass\OneDrive\Bureau\OneRelease\openxava-6.2.1\tomcat\bin;C:\Users\ghass\OneDrive\Bureau\ghassene\eclipse-jee-oxygen-R-win_64(complete)\eclipse-jee-oxygen-R-win32-x86_64\eclipse\plugins\org.apache.ant_1.10.1.v20170504-0840\bin;C:\Program Files\JetBrains\IntelliJ IDEA 2020.3.2\bin;C:\Users\ghass\AppData\Local\Programs\IPFS Desktop\resources\app.asar.unpacked\src\ipfs-on-path\scripts\bin-win;C:\Users\ghass\AppData\Roaming\npm;C:\Users\ghass\OneDrive\Bureau\IF4\sem2\PFA\IPFS;C:\Python27;;.]
20-Oct-2021 20:13:17.738 INFOS [main] org.apache.coyote.AbstractProtocol.init Initializing ProtocolHandler ["http-nio-8080"]
20-Oct-2021 20:13:18.354 INFOS [main] org.apache.tomcat.util.net.NioSelectorPool.getSharedSelector Using a shared selector for servlet write/read
20-Oct-2021 20:13:18.410 INFOS [main] org.apache.coyote.AbstractProtocol.init Initializing ProtocolHandler ["ajp-nio-8009"]
20-Oct-2021 20:13:18.426 INFOS [main] org.apache.tomcat.util.net.NioSelectorPool.getSharedSelector Using a shared selector for servlet write/read
20-Oct-2021 20:13:18.426 INFOS [main] org.apache.catalina.startup.Catalina.load Initialization processed in 1878 ms
20-Oct-2021 20:13:18.522 INFOS [main] org.apache.catalina.core.StandardService.startInternal Démarrage du service [Catalina]
20-Oct-2021 20:13:18.522 INFOS [main] org.apache.catalina.core.StandardEngine.startInternal Starting Servlet Engine: Apache Tomcat/9.0.13
20-Oct-2021 20:13:18.546 INFOS [main] org.apache.catalina.startup.HostConfig.deployDirectory Déploiement du répertoire [C:\Users\ghass\OneDrive\Bureau\OneRelease\openxava-6.2.1\tomcat\webapps\OneRelease] de l'application web
20-Oct-2021 20:13:29.129 AVERTISSEMENT [main] org.apache.tomcat.dbcp.dbcp2.BasicDataSourceFactory.getObjectInstance Name = JerseyDS Property maxActive is not used in DBCP2, use maxTotal instead. maxTotal default value is 8. You have set value of "20" for "maxActive" property, which is being ignored.
20-Oct-2021 20:13:29.129 AVERTISSEMENT [main] org.apache.tomcat.dbcp.dbcp2.BasicDataSourceFactory.getObjectInstance Name = JerseyDS Property maxWait is not used in DBCP2 , use maxWaitMillis instead. maxWaitMillis default value is -1. You have set value of "10000" for "maxWait" property, which is being ignored.
20-Oct-2021 20:13:29.153 AVERTISSEMENT [main] org.apache.tomcat.dbcp.dbcp2.BasicDataSourceFactory.getObjectInstance Name = OpenXavaTestDS Property maxActive is not used in DBCP2, use maxTotal instead. maxTotal default value is 8. You have set value of "20" for "maxActive" property, which is being ignored.
20-Oct-2021 20:13:29.153 AVERTISSEMENT [main] org.apache.tomcat.dbcp.dbcp2.BasicDataSourceFactory.getObjectInstance Name = OpenXavaTestDS Property maxWait is not used in DBCP2 , use maxWaitMillis instead. maxWaitMillis default value is -1. You have set value of "10000" for "maxWait" property, which is being ignored.
20-Oct-2021 20:13:29.153 AVERTISSEMENT [main] org.apache.tomcat.dbcp.dbcp2.BasicDataSourceFactory.getObjectInstance Name = MySchoolDS Property maxActive is not used in DBCP2, use maxTotal instead. maxTotal default value is 8. You have set value of "20" for "maxActive" property, which is being ignored.
20-Oct-2021 20:13:29.153 AVERTISSEMENT [main] org.apache.tomcat.dbcp.dbcp2.BasicDataSourceFactory.getObjectInstance Name = MySchoolDS Property maxWait is not used in DBCP2 , use maxWaitMillis instead. maxWaitMillis default value is -1. You have set value of "10000" for "maxWait" property, which is being ignored.
20-Oct-2021 20:13:29.153 AVERTISSEMENT [main] org.apache.tomcat.dbcp.dbcp2.BasicDataSourceFactory.getObjectInstance Name = OneReleaseDS Property maxActive is not used in DBCP2, use maxTotal instead. maxTotal default value is 8. You have set value of "20" for "maxActive" property, which is being ignored.
20-Oct-2021 20:13:29.153 AVERTISSEMENT [main] org.apache.tomcat.dbcp.dbcp2.BasicDataSourceFactory.getObjectInstance Name = OneReleaseDS Property maxWait is not used in DBCP2 , use maxWaitMillis instead. maxWaitMillis default value is -1. You have set value of "10000" for "maxWait" property, which is being ignored.
20-Oct-2021 20:13:29.153 AVERTISSEMENT [main] org.apache.tomcat.dbcp.dbcp2.BasicDataSourceFactory.getObjectInstance Name = InvoiceDemoDS Property maxActive is not used in DBCP2, use maxTotal instead. maxTotal default value is 8. You have set value of "20" for "maxActive" property, which is being ignored.
20-Oct-2021 20:13:29.161 AVERTISSEMENT [main] org.apache.tomcat.dbcp.dbcp2.BasicDataSourceFactory.getObjectInstance Name = InvoiceDemoDS Property maxWait is not used in DBCP2 , use maxWaitMillis instead. maxWaitMillis default value is -1. You have set value of "10000" for "maxWait" property, which is being ignored.
20-Oct-2021 20:13:29.585 INFOS [main] org.apache.jasper.servlet.TldScanner.scanJars At least one JAR was scanned for TLDs yet contained no TLDs. Enable debug logging for this logger for a complete list of JARs that were scanned but no TLDs were found in them. Skipping unneeded JARs during scanning can improve startup time and JSP compilation time.
20-Oct-2021 20:13:30.985 INFOS [main] com.sun.jersey.api.core.PackagesResourceConfig.init Scanning for root resource and provider classes in the packages:
  org.webservice
20-Oct-2021 20:13:31.057 INFOS [main] com.sun.jersey.api.core.ScanningResourceConfig.logClasses Root resource classes found:
  class org.webservice.EndPoint
20-Oct-2021 20:13:31.057 INFOS [main] com.sun.jersey.api.core.ScanningResourceConfig.init No provider classes found.
20-Oct-2021 20:13:31.345 INFOS [main] com.sun.jersey.server.impl.application.WebApplicationImpl._initiate Initiating Jersey application, version 'Jersey: 1.8-ea03 06/10/2011 03:17 PM'
20-Oct-2021 20:13:33.528 AVERTISSEMENT [main] com.sun.jersey.spi.inject.Errors.processErrorMessages The following warnings have been detected with resource and/or provider classes:
  WARNING: A HTTP GET method, public javax.ws.rs.core.Response org.webservice.EndPoint.verifyRESTService(java.io.InputStream), should not consume any entity.
20-Oct-2021 20:13:34.168 INFOS [main] org.apache.catalina.startup.HostConfig.deployDirectory Deployment of web application directory [C:\Users\ghass\OneDrive\Bureau\OneRelease\openxava-6.2.1\tomcat\webapps\OneRelease] has finished in [15 622] ms
20-Oct-2021 20:13:34.176 INFOS [main] org.apache.coyote.AbstractProtocol.start Starting ProtocolHandler ["http-nio-8080"]
20-Oct-2021 20:13:34.192 INFOS [main] org.apache.coyote.AbstractProtocol.start Starting ProtocolHandler ["ajp-nio-8009"]
20-Oct-2021 20:13:34.200 INFOS [main] org.apache.catalina.startup.Catalina.start Server startup in 15767 ms
